<?xml version="1.0" encoding="UTF-8"?>
<robot generator="Robot 3.2.2 (Python 3.8.1 on win32)" generated="20201003 19:28:41.196" rpa="false">
<suite id="s1" name="Tests" source="C:\Users\krish\PycharmProjects\robottestautomation\Tests">
<suite id="s1-s1" name="TC amazon 1 Login" source="C:\Users\krish\PycharmProjects\robottestautomation\Tests\TC_amazon_1_Login.robot">
<test id="s1-s1-t1" name="amazon login invalid scenarios">
<kw name="start browser" library="common" type="setup">
<kw name="Open Browser" library="SeleniumLibrary">
<doc>Opens a new browser instance to the optional ``url``.</doc>
<arguments>
<arg>blank:browser</arg>
<arg>chrome</arg>
</arguments>
<msg timestamp="20201003 19:28:42.153" level="INFO">Opening browser 'chrome' to base url 'blank:browser'.</msg>
<status status="PASS" starttime="20201003 19:28:42.153" endtime="20201003 19:28:45.279"></status>
</kw>
<kw name="Maximize Browser Window" library="SeleniumLibrary">
<doc>Maximizes current browser window.</doc>
<status status="PASS" starttime="20201003 19:28:45.279" endtime="20201003 19:28:47.454"></status>
</kw>
<status status="PASS" starttime="20201003 19:28:42.152" endtime="20201003 19:28:47.454"></status>
</kw>
<kw name="Get csv data" library="amazon_datareader">
<arguments>
<arg>${filepath}</arg>
</arguments>
<assign>
<var>@{csvdata}</var>
</assign>
<kw name="Csv Input Process" library="csvinput">
<arguments>
<arg>${filepath}</arg>
</arguments>
<assign>
<var>${data}</var>
</assign>
<msg timestamp="20201003 19:28:47.456" level="INFO">${data} = [['Anjalitheertha@gmail.com', 'smethingwrong', 'To better protect your account', ' please re-enter your password and then enter the characters as they are shown in the image below'], ['Krishnahd@gmail...</msg>
<status status="PASS" starttime="20201003 19:28:47.455" endtime="20201003 19:28:47.456"></status>
</kw>
<msg timestamp="20201003 19:28:47.456" level="INFO">@{csvdata} = [ ['Anjalitheertha@gmail.com', 'smethingwrong', 'To better protect your account', ' please re-enter your password and then enter the characters as they are shown in the image below'] | ['Krishnahd@gma...</msg>
<status status="PASS" starttime="20201003 19:28:47.455" endtime="20201003 19:28:47.456"></status>
</kw>
<kw name="${val} IN [ @{csvdata} ]" type="for">
<kw name="${val} = ['Anjalitheertha@gmail.com', 'smethingwrong', 'To better protect your account', ' please re-enter your password and then enter the characters as they are shown in the image below']" type="foritem">
<kw name="Log To Console" library="BuiltIn">
<doc>Logs the given message to the console.</doc>
<arguments>
<arg>${val}</arg>
</arguments>
<status status="PASS" starttime="20201003 19:28:47.457" endtime="20201003 19:28:47.457"></status>
</kw>
<kw name="amzon login csv" library="amazon">
<arguments>
<arg>@{val}</arg>
</arguments>
<kw name="navigate to amazon login page" library="amazon_nav">
<kw name="Go To" library="SeleniumLibrary">
<doc>Navigates the current browser window to the provided ``url``.</doc>
<arguments>
<arg>https://www.amazon.in/ap/signin?openid.pape.max_auth_age=0&amp;openid.return_to=https%3A%2F%2Fwww.amazon.in%2F%3F%26ext_vrnc%3Dhi%26tag%3Dgooginhydr1-21%26ref%3Dnav_custrec_signin%26adgrpid%3D58570011483%26hvpone%3D%26hvptwo%3D%26hvadid%3D294130877954%26hvpos%3D%26hvnetw%3Dg%26hvrand%3D7863391428126781528%26hvqmt%3Db%26hvdev%3Dc%26hvdvcmdl%3D%26hvlocint%3D%26hvlocphy%3D9061998%26hvtargid%3Dkwd-296914595020%26hydadcr%3D5844_1738698%26gclid%3DEAIaIQobChMI5Nyq0cn-6wIVTdiWCh3w_AiiEAAYASAAEgLdtPD_BwE&amp;openid.identity=http%3A%2F%2Fspecs.openid.net%2Fauth%2F2.0%2Fidentifier_select&amp;openid.assoc_handle=inflex&amp;openid.mode=checkid_setup&amp;openid.claimed_id=http%3A%2F%2Fspecs.openid.net%2Fauth%2F2.0%2Fidentifier_select&amp;openid.ns=http%3A%2F%2Fspecs.openid.net%2Fauth%2F2.0&amp;</arg>
</arguments>
<msg timestamp="20201003 19:28:47.459" level="INFO">Opening url 'https://www.amazon.in/ap/signin?openid.pape.max_auth_age=0&amp;openid.return_to=https%3A%2F%2Fwww.amazon.in%2F%3F%26ext_vrnc%3Dhi%26tag%3Dgooginhydr1-21%26ref%3Dnav_custrec_signin%26adgrpid%3D58570011483%26hvpone%3D%26hvptwo%3D%26hvadid%3D294130877954%26hvpos%3D%26hvnetw%3Dg%26hvrand%3D7863391428126781528%26hvqmt%3Db%26hvdev%3Dc%26hvdvcmdl%3D%26hvlocint%3D%26hvlocphy%3D9061998%26hvtargid%3Dkwd-296914595020%26hydadcr%3D5844_1738698%26gclid%3DEAIaIQobChMI5Nyq0cn-6wIVTdiWCh3w_AiiEAAYASAAEgLdtPD_BwE&amp;openid.identity=http%3A%2F%2Fspecs.openid.net%2Fauth%2F2.0%2Fidentifier_select&amp;openid.assoc_handle=inflex&amp;openid.mode=checkid_setup&amp;openid.claimed_id=http%3A%2F%2Fspecs.openid.net%2Fauth%2F2.0%2Fidentifier_select&amp;openid.ns=http%3A%2F%2Fspecs.openid.net%2Fauth%2F2.0&amp;'</msg>
<status status="PASS" starttime="20201003 19:28:47.459" endtime="20201003 19:28:48.724"></status>
</kw>
<status status="PASS" starttime="20201003 19:28:47.458" endtime="20201003 19:28:48.724"></status>
</kw>
<kw name="fill email" library="amazon_login">
<arguments>
<arg>${val}[0]</arg>
</arguments>
<kw name="Wait Until Element Is Visible" library="SeleniumLibrary">
<doc>Waits until the element ``locator`` is visible.</doc>
<arguments>
<arg>id:ap_email</arg>
</arguments>
<status status="PASS" starttime="20201003 19:28:48.725" endtime="20201003 19:28:48.755"></status>
</kw>
<kw name="Input Text" library="SeleniumLibrary">
<doc>Types the given ``text`` into the text field identified by ``locator``.</doc>
<arguments>
<arg>id:ap_email</arg>
<arg>${email}</arg>
</arguments>
<msg timestamp="20201003 19:28:48.756" level="INFO">Typing text 'Anjalitheertha@gmail.com' into text field 'id:ap_email'.</msg>
<status status="PASS" starttime="20201003 19:28:48.755" endtime="20201003 19:28:48.884"></status>
</kw>
<status status="PASS" starttime="20201003 19:28:48.724" endtime="20201003 19:28:48.885"></status>
</kw>
<kw name="continue with email" library="amazon_login">
<kw name="Wait Until Element Is Visible" library="SeleniumLibrary">
<doc>Waits until the element ``locator`` is visible.</doc>
<arguments>
<arg>id:continue</arg>
</arguments>
<status status="PASS" starttime="20201003 19:28:48.885" endtime="20201003 19:28:48.904"></status>
</kw>
<kw name="Click Button" library="SeleniumLibrary">
<doc>Clicks the button identified by ``locator``.</doc>
<arguments>
<arg>id:continue</arg>
</arguments>
<msg timestamp="20201003 19:28:48.905" level="INFO">Clicking button 'id:continue'.</msg>
<status status="PASS" starttime="20201003 19:28:48.905" endtime="20201003 19:28:49.678"></status>
</kw>
<status status="PASS" starttime="20201003 19:28:48.885" endtime="20201003 19:28:49.679"></status>
</kw>
<kw name="Run Keyword And Ignore Error" library="BuiltIn">
<doc>Runs the given keyword with the given arguments and ignores possible error.</doc>
<arguments>
<arg>amazon_login.fill password</arg>
<arg>${val}[1]</arg>
</arguments>
<kw name="fill password" library="amazon_login">
<arguments>
<arg>${val}[1]</arg>
</arguments>
<kw name="Wait Until Element Is Visible" library="SeleniumLibrary">
<doc>Waits until the element ``locator`` is visible.</doc>
<arguments>
<arg>id:ap_password</arg>
</arguments>
<status status="PASS" starttime="20201003 19:28:49.679" endtime="20201003 19:28:49.698"></status>
</kw>
<kw name="Input Password" library="SeleniumLibrary">
<doc>Types the given password into the text field identified by ``locator``.</doc>
<arguments>
<arg>id:ap_password</arg>
<arg>${password}</arg>
</arguments>
<msg timestamp="20201003 19:28:49.699" level="INFO">Typing password into text field 'id:ap_password'.</msg>
<msg timestamp="20201003 19:28:49.731" level="INFO">Temporally setting log level to: NONE</msg>
<msg timestamp="20201003 19:28:49.773" level="INFO">Log level changed from NONE to INFO.</msg>
<status status="PASS" starttime="20201003 19:28:49.699" endtime="20201003 19:28:49.773"></status>
</kw>
<status status="PASS" starttime="20201003 19:28:49.679" endtime="20201003 19:28:49.774"></status>
</kw>
<status status="PASS" starttime="20201003 19:28:49.679" endtime="20201003 19:28:49.774"></status>
</kw>
<kw name="Run Keyword And Ignore Error" library="BuiltIn">
<doc>Runs the given keyword with the given arguments and ignores possible error.</doc>
<arguments>
<arg>amazon_login.continue with password</arg>
</arguments>
<kw name="continue with password" library="amazon_login">
<kw name="Wait Until Element Is Visible" library="SeleniumLibrary">
<doc>Waits until the element ``locator`` is visible.</doc>
<arguments>
<arg>id:signInSubmit</arg>
</arguments>
<status status="PASS" starttime="20201003 19:28:49.774" endtime="20201003 19:28:49.791"></status>
</kw>
<kw name="Click Button" library="SeleniumLibrary">
<doc>Clicks the button identified by ``locator``.</doc>
<arguments>
<arg>id:signInSubmit</arg>
</arguments>
<msg timestamp="20201003 19:28:49.791" level="INFO">Clicking button 'id:signInSubmit'.</msg>
<status status="PASS" starttime="20201003 19:28:49.791" endtime="20201003 19:28:49.847"></status>
</kw>
<status status="PASS" starttime="20201003 19:28:49.774" endtime="20201003 19:28:49.847"></status>
</kw>
<status status="PASS" starttime="20201003 19:28:49.774" endtime="20201003 19:28:49.847"></status>
</kw>
<kw name="Page Should Contain" library="SeleniumLibrary">
<doc>Verifies that current page contains ``text``.</doc>
<arguments>
<arg>${val}[2]</arg>
</arguments>
<msg timestamp="20201003 19:28:51.494" level="INFO">Current page contains text 'To better protect your account'.</msg>
<status status="PASS" starttime="20201003 19:28:49.847" endtime="20201003 19:28:51.495"></status>
</kw>
<status status="PASS" starttime="20201003 19:28:47.458" endtime="20201003 19:28:51.495"></status>
</kw>
<status status="PASS" starttime="20201003 19:28:47.457" endtime="20201003 19:28:51.495"></status>
</kw>
<kw name="${val} = ['Krishnahd@gmail.com', '', 'We cannot find an account with that email address']" type="foritem">
<kw name="Log To Console" library="BuiltIn">
<doc>Logs the given message to the console.</doc>
<arguments>
<arg>${val}</arg>
</arguments>
<status status="PASS" starttime="20201003 19:28:51.495" endtime="20201003 19:28:51.495"></status>
</kw>
<kw name="amzon login csv" library="amazon">
<arguments>
<arg>@{val}</arg>
</arguments>
<kw name="navigate to amazon login page" library="amazon_nav">
<kw name="Go To" library="SeleniumLibrary">
<doc>Navigates the current browser window to the provided ``url``.</doc>
<arguments>
<arg>https://www.amazon.in/ap/signin?openid.pape.max_auth_age=0&amp;openid.return_to=https%3A%2F%2Fwww.amazon.in%2F%3F%26ext_vrnc%3Dhi%26tag%3Dgooginhydr1-21%26ref%3Dnav_custrec_signin%26adgrpid%3D58570011483%26hvpone%3D%26hvptwo%3D%26hvadid%3D294130877954%26hvpos%3D%26hvnetw%3Dg%26hvrand%3D7863391428126781528%26hvqmt%3Db%26hvdev%3Dc%26hvdvcmdl%3D%26hvlocint%3D%26hvlocphy%3D9061998%26hvtargid%3Dkwd-296914595020%26hydadcr%3D5844_1738698%26gclid%3DEAIaIQobChMI5Nyq0cn-6wIVTdiWCh3w_AiiEAAYASAAEgLdtPD_BwE&amp;openid.identity=http%3A%2F%2Fspecs.openid.net%2Fauth%2F2.0%2Fidentifier_select&amp;openid.assoc_handle=inflex&amp;openid.mode=checkid_setup&amp;openid.claimed_id=http%3A%2F%2Fspecs.openid.net%2Fauth%2F2.0%2Fidentifier_select&amp;openid.ns=http%3A%2F%2Fspecs.openid.net%2Fauth%2F2.0&amp;</arg>
</arguments>
<msg timestamp="20201003 19:28:51.496" level="INFO">Opening url 'https://www.amazon.in/ap/signin?openid.pape.max_auth_age=0&amp;openid.return_to=https%3A%2F%2Fwww.amazon.in%2F%3F%26ext_vrnc%3Dhi%26tag%3Dgooginhydr1-21%26ref%3Dnav_custrec_signin%26adgrpid%3D58570011483%26hvpone%3D%26hvptwo%3D%26hvadid%3D294130877954%26hvpos%3D%26hvnetw%3Dg%26hvrand%3D7863391428126781528%26hvqmt%3Db%26hvdev%3Dc%26hvdvcmdl%3D%26hvlocint%3D%26hvlocphy%3D9061998%26hvtargid%3Dkwd-296914595020%26hydadcr%3D5844_1738698%26gclid%3DEAIaIQobChMI5Nyq0cn-6wIVTdiWCh3w_AiiEAAYASAAEgLdtPD_BwE&amp;openid.identity=http%3A%2F%2Fspecs.openid.net%2Fauth%2F2.0%2Fidentifier_select&amp;openid.assoc_handle=inflex&amp;openid.mode=checkid_setup&amp;openid.claimed_id=http%3A%2F%2Fspecs.openid.net%2Fauth%2F2.0%2Fidentifier_select&amp;openid.ns=http%3A%2F%2Fspecs.openid.net%2Fauth%2F2.0&amp;'</msg>
<status status="PASS" starttime="20201003 19:28:51.496" endtime="20201003 19:28:52.015"></status>
</kw>
<status status="PASS" starttime="20201003 19:28:51.496" endtime="20201003 19:28:52.015"></status>
</kw>
<kw name="fill email" library="amazon_login">
<arguments>
<arg>${val}[0]</arg>
</arguments>
<kw name="Wait Until Element Is Visible" library="SeleniumLibrary">
<doc>Waits until the element ``locator`` is visible.</doc>
<arguments>
<arg>id:ap_email</arg>
</arguments>
<status status="PASS" starttime="20201003 19:28:52.016" endtime="20201003 19:28:52.033"></status>
</kw>
<kw name="Input Text" library="SeleniumLibrary">
<doc>Types the given ``text`` into the text field identified by ``locator``.</doc>
<arguments>
<arg>id:ap_email</arg>
<arg>${email}</arg>
</arguments>
<msg timestamp="20201003 19:28:52.033" level="INFO">Typing text 'Krishnahd@gmail.com' into text field 'id:ap_email'.</msg>
<status status="PASS" starttime="20201003 19:28:52.033" endtime="20201003 19:28:52.129"></status>
</kw>
<status status="PASS" starttime="20201003 19:28:52.015" endtime="20201003 19:28:52.129"></status>
</kw>
<kw name="continue with email" library="amazon_login">
<kw name="Wait Until Element Is Visible" library="SeleniumLibrary">
<doc>Waits until the element ``locator`` is visible.</doc>
<arguments>
<arg>id:continue</arg>
</arguments>
<status status="PASS" starttime="20201003 19:28:52.129" endtime="20201003 19:28:52.144"></status>
</kw>
<kw name="Click Button" library="SeleniumLibrary">
<doc>Clicks the button identified by ``locator``.</doc>
<arguments>
<arg>id:continue</arg>
</arguments>
<msg timestamp="20201003 19:28:52.144" level="INFO">Clicking button 'id:continue'.</msg>
<status status="PASS" starttime="20201003 19:28:52.144" endtime="20201003 19:28:52.732"></status>
</kw>
<status status="PASS" starttime="20201003 19:28:52.129" endtime="20201003 19:28:52.733"></status>
</kw>
<kw name="Run Keyword And Ignore Error" library="BuiltIn">
<doc>Runs the given keyword with the given arguments and ignores possible error.</doc>
<arguments>
<arg>amazon_login.fill password</arg>
<arg>${val}[1]</arg>
</arguments>
<kw name="fill password" library="amazon_login">
<arguments>
<arg>${val}[1]</arg>
</arguments>
<kw name="Wait Until Element Is Visible" library="SeleniumLibrary">
<doc>Waits until the element ``locator`` is visible.</doc>
<arguments>
<arg>id:ap_password</arg>
</arguments>
<kw name="Capture Page Screenshot" library="SeleniumLibrary">
<doc>Takes a screenshot of the current page and embeds it into a log file.</doc>
<msg timestamp="20201003 19:28:58.078" level="INFO" html="yes">&lt;/td&gt;&lt;/tr&gt;&lt;tr&gt;&lt;td colspan="3"&gt;&lt;a href="selenium-screenshot-1.png"&gt;&lt;img src="selenium-screenshot-1.png" width="800px"&gt;&lt;/a&gt;</msg>
<status status="PASS" starttime="20201003 19:28:57.782" endtime="20201003 19:28:58.079"></status>
</kw>
<msg timestamp="20201003 19:28:58.080" level="FAIL">Element 'id:ap_password' not visible after 5 seconds.</msg>
<status status="FAIL" starttime="20201003 19:28:52.734" endtime="20201003 19:28:58.080"></status>
</kw>
<status status="FAIL" starttime="20201003 19:28:52.733" endtime="20201003 19:28:58.080"></status>
</kw>
<status status="PASS" starttime="20201003 19:28:52.733" endtime="20201003 19:28:58.080"></status>
</kw>
<kw name="Run Keyword And Ignore Error" library="BuiltIn">
<doc>Runs the given keyword with the given arguments and ignores possible error.</doc>
<arguments>
<arg>amazon_login.continue with password</arg>
</arguments>
<kw name="continue with password" library="amazon_login">
<kw name="Wait Until Element Is Visible" library="SeleniumLibrary">
<doc>Waits until the element ``locator`` is visible.</doc>
<arguments>
<arg>id:signInSubmit</arg>
</arguments>
<kw name="Capture Page Screenshot" library="SeleniumLibrary">
<doc>Takes a screenshot of the current page and embeds it into a log file.</doc>
<msg timestamp="20201003 19:29:03.500" level="INFO" html="yes">&lt;/td&gt;&lt;/tr&gt;&lt;tr&gt;&lt;td colspan="3"&gt;&lt;a href="selenium-screenshot-2.png"&gt;&lt;img src="selenium-screenshot-2.png" width="800px"&gt;&lt;/a&gt;</msg>
<status status="PASS" starttime="20201003 19:29:03.190" endtime="20201003 19:29:03.500"></status>
</kw>
<msg timestamp="20201003 19:29:03.501" level="FAIL">Element 'id:signInSubmit' not visible after 5 seconds.</msg>
<status status="FAIL" starttime="20201003 19:28:58.081" endtime="20201003 19:29:03.501"></status>
</kw>
<status status="FAIL" starttime="20201003 19:28:58.080" endtime="20201003 19:29:03.501"></status>
</kw>
<status status="PASS" starttime="20201003 19:28:58.080" endtime="20201003 19:29:03.501"></status>
</kw>
<kw name="Page Should Contain" library="SeleniumLibrary">
<doc>Verifies that current page contains ``text``.</doc>
<arguments>
<arg>${val}[2]</arg>
</arguments>
<msg timestamp="20201003 19:29:03.514" level="INFO">Current page contains text 'We cannot find an account with that email address'.</msg>
<status status="PASS" starttime="20201003 19:29:03.501" endtime="20201003 19:29:03.514"></status>
</kw>
<status status="PASS" starttime="20201003 19:28:51.495" endtime="20201003 19:29:03.514"></status>
</kw>
<status status="PASS" starttime="20201003 19:28:51.495" endtime="20201003 19:29:03.514"></status>
</kw>
<kw name="${val} = ['', '', 'Enter your email or mobile phone number']" type="foritem">
<kw name="Log To Console" library="BuiltIn">
<doc>Logs the given message to the console.</doc>
<arguments>
<arg>${val}</arg>
</arguments>
<status status="PASS" starttime="20201003 19:29:03.514" endtime="20201003 19:29:03.515"></status>
</kw>
<kw name="amzon login csv" library="amazon">
<arguments>
<arg>@{val}</arg>
</arguments>
<kw name="navigate to amazon login page" library="amazon_nav">
<kw name="Go To" library="SeleniumLibrary">
<doc>Navigates the current browser window to the provided ``url``.</doc>
<arguments>
<arg>https://www.amazon.in/ap/signin?openid.pape.max_auth_age=0&amp;openid.return_to=https%3A%2F%2Fwww.amazon.in%2F%3F%26ext_vrnc%3Dhi%26tag%3Dgooginhydr1-21%26ref%3Dnav_custrec_signin%26adgrpid%3D58570011483%26hvpone%3D%26hvptwo%3D%26hvadid%3D294130877954%26hvpos%3D%26hvnetw%3Dg%26hvrand%3D7863391428126781528%26hvqmt%3Db%26hvdev%3Dc%26hvdvcmdl%3D%26hvlocint%3D%26hvlocphy%3D9061998%26hvtargid%3Dkwd-296914595020%26hydadcr%3D5844_1738698%26gclid%3DEAIaIQobChMI5Nyq0cn-6wIVTdiWCh3w_AiiEAAYASAAEgLdtPD_BwE&amp;openid.identity=http%3A%2F%2Fspecs.openid.net%2Fauth%2F2.0%2Fidentifier_select&amp;openid.assoc_handle=inflex&amp;openid.mode=checkid_setup&amp;openid.claimed_id=http%3A%2F%2Fspecs.openid.net%2Fauth%2F2.0%2Fidentifier_select&amp;openid.ns=http%3A%2F%2Fspecs.openid.net%2Fauth%2F2.0&amp;</arg>
</arguments>
<msg timestamp="20201003 19:29:03.516" level="INFO">Opening url 'https://www.amazon.in/ap/signin?openid.pape.max_auth_age=0&amp;openid.return_to=https%3A%2F%2Fwww.amazon.in%2F%3F%26ext_vrnc%3Dhi%26tag%3Dgooginhydr1-21%26ref%3Dnav_custrec_signin%26adgrpid%3D58570011483%26hvpone%3D%26hvptwo%3D%26hvadid%3D294130877954%26hvpos%3D%26hvnetw%3Dg%26hvrand%3D7863391428126781528%26hvqmt%3Db%26hvdev%3Dc%26hvdvcmdl%3D%26hvlocint%3D%26hvlocphy%3D9061998%26hvtargid%3Dkwd-296914595020%26hydadcr%3D5844_1738698%26gclid%3DEAIaIQobChMI5Nyq0cn-6wIVTdiWCh3w_AiiEAAYASAAEgLdtPD_BwE&amp;openid.identity=http%3A%2F%2Fspecs.openid.net%2Fauth%2F2.0%2Fidentifier_select&amp;openid.assoc_handle=inflex&amp;openid.mode=checkid_setup&amp;openid.claimed_id=http%3A%2F%2Fspecs.openid.net%2Fauth%2F2.0%2Fidentifier_select&amp;openid.ns=http%3A%2F%2Fspecs.openid.net%2Fauth%2F2.0&amp;'</msg>
<status status="PASS" starttime="20201003 19:29:03.515" endtime="20201003 19:29:04.078"></status>
</kw>
<status status="PASS" starttime="20201003 19:29:03.515" endtime="20201003 19:29:04.078"></status>
</kw>
<kw name="fill email" library="amazon_login">
<arguments>
<arg>${val}[0]</arg>
</arguments>
<kw name="Wait Until Element Is Visible" library="SeleniumLibrary">
<doc>Waits until the element ``locator`` is visible.</doc>
<arguments>
<arg>id:ap_email</arg>
</arguments>
<status status="PASS" starttime="20201003 19:29:04.079" endtime="20201003 19:29:04.103"></status>
</kw>
<kw name="Input Text" library="SeleniumLibrary">
<doc>Types the given ``text`` into the text field identified by ``locator``.</doc>
<arguments>
<arg>id:ap_email</arg>
<arg>${email}</arg>
</arguments>
<msg timestamp="20201003 19:29:04.103" level="INFO">Typing text '' into text field 'id:ap_email'.</msg>
<status status="PASS" starttime="20201003 19:29:04.103" endtime="20201003 19:29:04.163"></status>
</kw>
<status status="PASS" starttime="20201003 19:29:04.078" endtime="20201003 19:29:04.163"></status>
</kw>
<kw name="continue with email" library="amazon_login">
<kw name="Wait Until Element Is Visible" library="SeleniumLibrary">
<doc>Waits until the element ``locator`` is visible.</doc>
<arguments>
<arg>id:continue</arg>
</arguments>
<status status="PASS" starttime="20201003 19:29:04.163" endtime="20201003 19:29:04.185"></status>
</kw>
<kw name="Click Button" library="SeleniumLibrary">
<doc>Clicks the button identified by ``locator``.</doc>
<arguments>
<arg>id:continue</arg>
</arguments>
<msg timestamp="20201003 19:29:04.185" level="INFO">Clicking button 'id:continue'.</msg>
<status status="PASS" starttime="20201003 19:29:04.185" endtime="20201003 19:29:04.243"></status>
</kw>
<status status="PASS" starttime="20201003 19:29:04.163" endtime="20201003 19:29:04.243"></status>
</kw>
<kw name="Run Keyword And Ignore Error" library="BuiltIn">
<doc>Runs the given keyword with the given arguments and ignores possible error.</doc>
<arguments>
<arg>amazon_login.fill password</arg>
<arg>${val}[1]</arg>
</arguments>
<kw name="fill password" library="amazon_login">
<arguments>
<arg>${val}[1]</arg>
</arguments>
<kw name="Wait Until Element Is Visible" library="SeleniumLibrary">
<doc>Waits until the element ``locator`` is visible.</doc>
<arguments>
<arg>id:ap_password</arg>
</arguments>
<kw name="Capture Page Screenshot" library="SeleniumLibrary">
<doc>Takes a screenshot of the current page and embeds it into a log file.</doc>
<msg timestamp="20201003 19:29:09.799" level="INFO" html="yes">&lt;/td&gt;&lt;/tr&gt;&lt;tr&gt;&lt;td colspan="3"&gt;&lt;a href="selenium-screenshot-3.png"&gt;&lt;img src="selenium-screenshot-3.png" width="800px"&gt;&lt;/a&gt;</msg>
<status status="PASS" starttime="20201003 19:29:09.458" endtime="20201003 19:29:09.799"></status>
</kw>
<msg timestamp="20201003 19:29:09.799" level="FAIL">Element 'id:ap_password' not visible after 5 seconds.</msg>
<status status="FAIL" starttime="20201003 19:29:04.244" endtime="20201003 19:29:09.799"></status>
</kw>
<status status="FAIL" starttime="20201003 19:29:04.244" endtime="20201003 19:29:09.800"></status>
</kw>
<status status="PASS" starttime="20201003 19:29:04.243" endtime="20201003 19:29:09.800"></status>
</kw>
<kw name="Run Keyword And Ignore Error" library="BuiltIn">
<doc>Runs the given keyword with the given arguments and ignores possible error.</doc>
<arguments>
<arg>amazon_login.continue with password</arg>
</arguments>
<kw name="continue with password" library="amazon_login">
<kw name="Wait Until Element Is Visible" library="SeleniumLibrary">
<doc>Waits until the element ``locator`` is visible.</doc>
<arguments>
<arg>id:signInSubmit</arg>
</arguments>
<kw name="Capture Page Screenshot" library="SeleniumLibrary">
<doc>Takes a screenshot of the current page and embeds it into a log file.</doc>
<msg timestamp="20201003 19:29:15.193" level="INFO" html="yes">&lt;/td&gt;&lt;/tr&gt;&lt;tr&gt;&lt;td colspan="3"&gt;&lt;a href="selenium-screenshot-4.png"&gt;&lt;img src="selenium-screenshot-4.png" width="800px"&gt;&lt;/a&gt;</msg>
<status status="PASS" starttime="20201003 19:29:14.881" endtime="20201003 19:29:15.193"></status>
</kw>
<msg timestamp="20201003 19:29:15.194" level="FAIL">Element 'id:signInSubmit' not visible after 5 seconds.</msg>
<status status="FAIL" starttime="20201003 19:29:09.800" endtime="20201003 19:29:15.194"></status>
</kw>
<status status="FAIL" starttime="20201003 19:29:09.800" endtime="20201003 19:29:15.194"></status>
</kw>
<status status="PASS" starttime="20201003 19:29:09.800" endtime="20201003 19:29:15.194"></status>
</kw>
<kw name="Page Should Contain" library="SeleniumLibrary">
<doc>Verifies that current page contains ``text``.</doc>
<arguments>
<arg>${val}[2]</arg>
</arguments>
<msg timestamp="20201003 19:29:15.206" level="INFO">Current page contains text 'Enter your email or mobile phone number'.</msg>
<status status="PASS" starttime="20201003 19:29:15.194" endtime="20201003 19:29:15.206"></status>
</kw>
<status status="PASS" starttime="20201003 19:29:03.515" endtime="20201003 19:29:15.206"></status>
</kw>
<status status="PASS" starttime="20201003 19:29:03.514" endtime="20201003 19:29:15.206"></status>
</kw>
<kw name="${val} = ['Anjalitheertha@gmail.com', '', 'Enter your password']" type="foritem">
<kw name="Log To Console" library="BuiltIn">
<doc>Logs the given message to the console.</doc>
<arguments>
<arg>${val}</arg>
</arguments>
<status status="PASS" starttime="20201003 19:29:15.206" endtime="20201003 19:29:15.207"></status>
</kw>
<kw name="amzon login csv" library="amazon">
<arguments>
<arg>@{val}</arg>
</arguments>
<kw name="navigate to amazon login page" library="amazon_nav">
<kw name="Go To" library="SeleniumLibrary">
<doc>Navigates the current browser window to the provided ``url``.</doc>
<arguments>
<arg>https://www.amazon.in/ap/signin?openid.pape.max_auth_age=0&amp;openid.return_to=https%3A%2F%2Fwww.amazon.in%2F%3F%26ext_vrnc%3Dhi%26tag%3Dgooginhydr1-21%26ref%3Dnav_custrec_signin%26adgrpid%3D58570011483%26hvpone%3D%26hvptwo%3D%26hvadid%3D294130877954%26hvpos%3D%26hvnetw%3Dg%26hvrand%3D7863391428126781528%26hvqmt%3Db%26hvdev%3Dc%26hvdvcmdl%3D%26hvlocint%3D%26hvlocphy%3D9061998%26hvtargid%3Dkwd-296914595020%26hydadcr%3D5844_1738698%26gclid%3DEAIaIQobChMI5Nyq0cn-6wIVTdiWCh3w_AiiEAAYASAAEgLdtPD_BwE&amp;openid.identity=http%3A%2F%2Fspecs.openid.net%2Fauth%2F2.0%2Fidentifier_select&amp;openid.assoc_handle=inflex&amp;openid.mode=checkid_setup&amp;openid.claimed_id=http%3A%2F%2Fspecs.openid.net%2Fauth%2F2.0%2Fidentifier_select&amp;openid.ns=http%3A%2F%2Fspecs.openid.net%2Fauth%2F2.0&amp;</arg>
</arguments>
<msg timestamp="20201003 19:29:15.208" level="INFO">Opening url 'https://www.amazon.in/ap/signin?openid.pape.max_auth_age=0&amp;openid.return_to=https%3A%2F%2Fwww.amazon.in%2F%3F%26ext_vrnc%3Dhi%26tag%3Dgooginhydr1-21%26ref%3Dnav_custrec_signin%26adgrpid%3D58570011483%26hvpone%3D%26hvptwo%3D%26hvadid%3D294130877954%26hvpos%3D%26hvnetw%3Dg%26hvrand%3D7863391428126781528%26hvqmt%3Db%26hvdev%3Dc%26hvdvcmdl%3D%26hvlocint%3D%26hvlocphy%3D9061998%26hvtargid%3Dkwd-296914595020%26hydadcr%3D5844_1738698%26gclid%3DEAIaIQobChMI5Nyq0cn-6wIVTdiWCh3w_AiiEAAYASAAEgLdtPD_BwE&amp;openid.identity=http%3A%2F%2Fspecs.openid.net%2Fauth%2F2.0%2Fidentifier_select&amp;openid.assoc_handle=inflex&amp;openid.mode=checkid_setup&amp;openid.claimed_id=http%3A%2F%2Fspecs.openid.net%2Fauth%2F2.0%2Fidentifier_select&amp;openid.ns=http%3A%2F%2Fspecs.openid.net%2Fauth%2F2.0&amp;'</msg>
<status status="PASS" starttime="20201003 19:29:15.207" endtime="20201003 19:29:15.744"></status>
</kw>
<status status="PASS" starttime="20201003 19:29:15.207" endtime="20201003 19:29:15.744"></status>
</kw>
<kw name="fill email" library="amazon_login">
<arguments>
<arg>${val}[0]</arg>
</arguments>
<kw name="Wait Until Element Is Visible" library="SeleniumLibrary">
<doc>Waits until the element ``locator`` is visible.</doc>
<arguments>
<arg>id:ap_email</arg>
</arguments>
<status status="PASS" starttime="20201003 19:29:15.745" endtime="20201003 19:29:15.768"></status>
</kw>
<kw name="Input Text" library="SeleniumLibrary">
<doc>Types the given ``text`` into the text field identified by ``locator``.</doc>
<arguments>
<arg>id:ap_email</arg>
<arg>${email}</arg>
</arguments>
<msg timestamp="20201003 19:29:15.768" level="INFO">Typing text 'Anjalitheertha@gmail.com' into text field 'id:ap_email'.</msg>
<status status="PASS" starttime="20201003 19:29:15.768" endtime="20201003 19:29:15.871"></status>
</kw>
<status status="PASS" starttime="20201003 19:29:15.744" endtime="20201003 19:29:15.871"></status>
</kw>
<kw name="continue with email" library="amazon_login">
<kw name="Wait Until Element Is Visible" library="SeleniumLibrary">
<doc>Waits until the element ``locator`` is visible.</doc>
<arguments>
<arg>id:continue</arg>
</arguments>
<status status="PASS" starttime="20201003 19:29:15.872" endtime="20201003 19:29:15.893"></status>
</kw>
<kw name="Click Button" library="SeleniumLibrary">
<doc>Clicks the button identified by ``locator``.</doc>
<arguments>
<arg>id:continue</arg>
</arguments>
<msg timestamp="20201003 19:29:15.894" level="INFO">Clicking button 'id:continue'.</msg>
<status status="PASS" starttime="20201003 19:29:15.893" endtime="20201003 19:29:16.782"></status>
</kw>
<status status="PASS" starttime="20201003 19:29:15.871" endtime="20201003 19:29:16.782"></status>
</kw>
<kw name="Run Keyword And Ignore Error" library="BuiltIn">
<doc>Runs the given keyword with the given arguments and ignores possible error.</doc>
<arguments>
<arg>amazon_login.fill password</arg>
<arg>${val}[1]</arg>
</arguments>
<kw name="fill password" library="amazon_login">
<arguments>
<arg>${val}[1]</arg>
</arguments>
<kw name="Wait Until Element Is Visible" library="SeleniumLibrary">
<doc>Waits until the element ``locator`` is visible.</doc>
<arguments>
<arg>id:ap_password</arg>
</arguments>
<status status="PASS" starttime="20201003 19:29:16.783" endtime="20201003 19:29:16.802"></status>
</kw>
<kw name="Input Password" library="SeleniumLibrary">
<doc>Types the given password into the text field identified by ``locator``.</doc>
<arguments>
<arg>id:ap_password</arg>
<arg>${password}</arg>
</arguments>
<msg timestamp="20201003 19:29:16.803" level="INFO">Typing password into text field 'id:ap_password'.</msg>
<msg timestamp="20201003 19:29:16.835" level="INFO">Temporally setting log level to: NONE</msg>
<msg timestamp="20201003 19:29:16.853" level="INFO">Log level changed from NONE to INFO.</msg>
<status status="PASS" starttime="20201003 19:29:16.803" endtime="20201003 19:29:16.853"></status>
</kw>
<status status="PASS" starttime="20201003 19:29:16.782" endtime="20201003 19:29:16.853"></status>
</kw>
<status status="PASS" starttime="20201003 19:29:16.782" endtime="20201003 19:29:16.853"></status>
</kw>
<kw name="Run Keyword And Ignore Error" library="BuiltIn">
<doc>Runs the given keyword with the given arguments and ignores possible error.</doc>
<arguments>
<arg>amazon_login.continue with password</arg>
</arguments>
<kw name="continue with password" library="amazon_login">
<kw name="Wait Until Element Is Visible" library="SeleniumLibrary">
<doc>Waits until the element ``locator`` is visible.</doc>
<arguments>
<arg>id:signInSubmit</arg>
</arguments>
<status status="PASS" starttime="20201003 19:29:16.854" endtime="20201003 19:29:16.869"></status>
</kw>
<kw name="Click Button" library="SeleniumLibrary">
<doc>Clicks the button identified by ``locator``.</doc>
<arguments>
<arg>id:signInSubmit</arg>
</arguments>
<msg timestamp="20201003 19:29:16.869" level="INFO">Clicking button 'id:signInSubmit'.</msg>
<status status="PASS" starttime="20201003 19:29:16.869" endtime="20201003 19:29:16.928"></status>
</kw>
<status status="PASS" starttime="20201003 19:29:16.853" endtime="20201003 19:29:16.929"></status>
</kw>
<status status="PASS" starttime="20201003 19:29:16.853" endtime="20201003 19:29:16.929"></status>
</kw>
<kw name="Page Should Contain" library="SeleniumLibrary">
<doc>Verifies that current page contains ``text``.</doc>
<arguments>
<arg>${val}[2]</arg>
</arguments>
<msg timestamp="20201003 19:29:16.942" level="INFO">Current page contains text 'Enter your password'.</msg>
<status status="PASS" starttime="20201003 19:29:16.929" endtime="20201003 19:29:16.942"></status>
</kw>
<status status="PASS" starttime="20201003 19:29:15.207" endtime="20201003 19:29:16.942"></status>
</kw>
<status status="PASS" starttime="20201003 19:29:15.206" endtime="20201003 19:29:16.942"></status>
</kw>
<status status="PASS" starttime="20201003 19:28:47.457" endtime="20201003 19:29:16.942"></status>
</kw>
<kw name="exit browser" library="common" type="teardown">
<kw name="Close All Browsers" library="SeleniumLibrary">
<doc>Closes all open browsers and resets the browser cache.</doc>
<status status="PASS" starttime="20201003 19:29:16.944" endtime="20201003 19:29:19.061"></status>
</kw>
<status status="PASS" starttime="20201003 19:29:16.943" endtime="20201003 19:29:19.062"></status>
</kw>
<doc>to test invalid login scenarios with data driven</doc>
<tags>
<tag>Negative</tag>
</tags>
<status status="PASS" starttime="20201003 19:28:42.152" endtime="20201003 19:29:19.062" critical="yes"></status>
</test>
<test id="s1-s1-t2" name="amzon login scenarios">
<kw name="start browser" library="common" type="setup">
<kw name="Open Browser" library="SeleniumLibrary">
<doc>Opens a new browser instance to the optional ``url``.</doc>
<arguments>
<arg>blank:browser</arg>
<arg>chrome</arg>
</arguments>
<msg timestamp="20201003 19:29:19.068" level="INFO">Opening browser 'chrome' to base url 'blank:browser'.</msg>
<status status="PASS" starttime="20201003 19:29:19.068" endtime="20201003 19:29:22.256"></status>
</kw>
<kw name="Maximize Browser Window" library="SeleniumLibrary">
<doc>Maximizes current browser window.</doc>
<status status="PASS" starttime="20201003 19:29:22.256" endtime="20201003 19:29:24.409"></status>
</kw>
<status status="PASS" starttime="20201003 19:29:19.067" endtime="20201003 19:29:24.409"></status>
</kw>
<kw name="amazon login" library="amazon">
<arguments>
<arg>&amp;{credential}</arg>
</arguments>
<kw name="navigate to amazon login page" library="amazon_nav">
<kw name="Go To" library="SeleniumLibrary">
<doc>Navigates the current browser window to the provided ``url``.</doc>
<arguments>
<arg>https://www.amazon.in/ap/signin?openid.pape.max_auth_age=0&amp;openid.return_to=https%3A%2F%2Fwww.amazon.in%2F%3F%26ext_vrnc%3Dhi%26tag%3Dgooginhydr1-21%26ref%3Dnav_custrec_signin%26adgrpid%3D58570011483%26hvpone%3D%26hvptwo%3D%26hvadid%3D294130877954%26hvpos%3D%26hvnetw%3Dg%26hvrand%3D7863391428126781528%26hvqmt%3Db%26hvdev%3Dc%26hvdvcmdl%3D%26hvlocint%3D%26hvlocphy%3D9061998%26hvtargid%3Dkwd-296914595020%26hydadcr%3D5844_1738698%26gclid%3DEAIaIQobChMI5Nyq0cn-6wIVTdiWCh3w_AiiEAAYASAAEgLdtPD_BwE&amp;openid.identity=http%3A%2F%2Fspecs.openid.net%2Fauth%2F2.0%2Fidentifier_select&amp;openid.assoc_handle=inflex&amp;openid.mode=checkid_setup&amp;openid.claimed_id=http%3A%2F%2Fspecs.openid.net%2Fauth%2F2.0%2Fidentifier_select&amp;openid.ns=http%3A%2F%2Fspecs.openid.net%2Fauth%2F2.0&amp;</arg>
</arguments>
<msg timestamp="20201003 19:29:24.411" level="INFO">Opening url 'https://www.amazon.in/ap/signin?openid.pape.max_auth_age=0&amp;openid.return_to=https%3A%2F%2Fwww.amazon.in%2F%3F%26ext_vrnc%3Dhi%26tag%3Dgooginhydr1-21%26ref%3Dnav_custrec_signin%26adgrpid%3D58570011483%26hvpone%3D%26hvptwo%3D%26hvadid%3D294130877954%26hvpos%3D%26hvnetw%3Dg%26hvrand%3D7863391428126781528%26hvqmt%3Db%26hvdev%3Dc%26hvdvcmdl%3D%26hvlocint%3D%26hvlocphy%3D9061998%26hvtargid%3Dkwd-296914595020%26hydadcr%3D5844_1738698%26gclid%3DEAIaIQobChMI5Nyq0cn-6wIVTdiWCh3w_AiiEAAYASAAEgLdtPD_BwE&amp;openid.identity=http%3A%2F%2Fspecs.openid.net%2Fauth%2F2.0%2Fidentifier_select&amp;openid.assoc_handle=inflex&amp;openid.mode=checkid_setup&amp;openid.claimed_id=http%3A%2F%2Fspecs.openid.net%2Fauth%2F2.0%2Fidentifier_select&amp;openid.ns=http%3A%2F%2Fspecs.openid.net%2Fauth%2F2.0&amp;'</msg>
<status status="PASS" starttime="20201003 19:29:24.410" endtime="20201003 19:29:25.558"></status>
</kw>
<status status="PASS" starttime="20201003 19:29:24.410" endtime="20201003 19:29:25.558"></status>
</kw>
<kw name="fill email" library="amazon_login">
<arguments>
<arg>${email}</arg>
</arguments>
<kw name="Wait Until Element Is Visible" library="SeleniumLibrary">
<doc>Waits until the element ``locator`` is visible.</doc>
<arguments>
<arg>id:ap_email</arg>
</arguments>
<status status="PASS" starttime="20201003 19:29:25.559" endtime="20201003 19:29:25.581"></status>
</kw>
<kw name="Input Text" library="SeleniumLibrary">
<doc>Types the given ``text`` into the text field identified by ``locator``.</doc>
<arguments>
<arg>id:ap_email</arg>
<arg>${email}</arg>
</arguments>
<msg timestamp="20201003 19:29:25.582" level="INFO">Typing text 'anjali_am@outlook.com' into text field 'id:ap_email'.</msg>
<status status="PASS" starttime="20201003 19:29:25.581" endtime="20201003 19:29:25.684"></status>
</kw>
<status status="PASS" starttime="20201003 19:29:25.558" endtime="20201003 19:29:25.684"></status>
</kw>
<kw name="continue with email" library="amazon_login">
<kw name="Wait Until Element Is Visible" library="SeleniumLibrary">
<doc>Waits until the element ``locator`` is visible.</doc>
<arguments>
<arg>id:continue</arg>
</arguments>
<status status="PASS" starttime="20201003 19:29:25.685" endtime="20201003 19:29:25.706"></status>
</kw>
<kw name="Click Button" library="SeleniumLibrary">
<doc>Clicks the button identified by ``locator``.</doc>
<arguments>
<arg>id:continue</arg>
</arguments>
<msg timestamp="20201003 19:29:25.707" level="INFO">Clicking button 'id:continue'.</msg>
<status status="PASS" starttime="20201003 19:29:25.706" endtime="20201003 19:29:26.863"></status>
</kw>
<status status="PASS" starttime="20201003 19:29:25.684" endtime="20201003 19:29:26.864"></status>
</kw>
<kw name="fill password" library="amazon_login">
<arguments>
<arg>${password}</arg>
</arguments>
<kw name="Wait Until Element Is Visible" library="SeleniumLibrary">
<doc>Waits until the element ``locator`` is visible.</doc>
<arguments>
<arg>id:ap_password</arg>
</arguments>
<status status="PASS" starttime="20201003 19:29:26.865" endtime="20201003 19:29:26.883"></status>
</kw>
<kw name="Input Password" library="SeleniumLibrary">
<doc>Types the given password into the text field identified by ``locator``.</doc>
<arguments>
<arg>id:ap_password</arg>
<arg>${password}</arg>
</arguments>
<msg timestamp="20201003 19:29:26.884" level="INFO">Typing password into text field 'id:ap_password'.</msg>
<msg timestamp="20201003 19:29:26.915" level="INFO">Temporally setting log level to: NONE</msg>
<msg timestamp="20201003 19:29:26.956" level="INFO">Log level changed from NONE to INFO.</msg>
<status status="PASS" starttime="20201003 19:29:26.883" endtime="20201003 19:29:26.957"></status>
</kw>
<status status="PASS" starttime="20201003 19:29:26.864" endtime="20201003 19:29:26.957"></status>
</kw>
<kw name="continue with password" library="amazon_login">
<kw name="Wait Until Element Is Visible" library="SeleniumLibrary">
<doc>Waits until the element ``locator`` is visible.</doc>
<arguments>
<arg>id:signInSubmit</arg>
</arguments>
<status status="PASS" starttime="20201003 19:29:26.957" endtime="20201003 19:29:26.975"></status>
</kw>
<kw name="Click Button" library="SeleniumLibrary">
<doc>Clicks the button identified by ``locator``.</doc>
<arguments>
<arg>id:signInSubmit</arg>
</arguments>
<msg timestamp="20201003 19:29:26.976" level="INFO">Clicking button 'id:signInSubmit'.</msg>
<status status="PASS" starttime="20201003 19:29:26.976" endtime="20201003 19:29:27.031"></status>
</kw>
<status status="PASS" starttime="20201003 19:29:26.957" endtime="20201003 19:29:27.031"></status>
</kw>
<status status="PASS" starttime="20201003 19:29:24.409" endtime="20201003 19:29:27.031"></status>
</kw>
<kw name="exit browser" library="common" type="teardown">
<kw name="Close All Browsers" library="SeleniumLibrary">
<doc>Closes all open browsers and resets the browser cache.</doc>
<status status="PASS" starttime="20201003 19:29:27.032" endtime="20201003 19:29:29.137"></status>
</kw>
<status status="PASS" starttime="20201003 19:29:27.032" endtime="20201003 19:29:29.137"></status>
</kw>
<doc>to test valid login scenarios</doc>
<tags>
<tag>Positive</tag>
</tags>
<status status="PASS" starttime="20201003 19:29:19.066" endtime="20201003 19:29:29.137" critical="yes"></status>
</test>
<status status="PASS" starttime="20201003 19:28:41.219" endtime="20201003 19:29:29.139"></status>
</suite>
<suite id="s1-s2" name="TC amazon 2 product" source="C:\Users\krish\PycharmProjects\robottestautomation\Tests\TC_amazon_2_product.robot">
<test id="s1-s2-t1" name="amzon invalid product search">
<kw name="start browser" library="common" type="setup">
<kw name="Open Browser" library="SeleniumLibrary">
<doc>Opens a new browser instance to the optional ``url``.</doc>
<arguments>
<arg>blank:browser</arg>
<arg>chrome</arg>
</arguments>
<msg timestamp="20201003 19:29:29.162" level="INFO">Opening browser 'chrome' to base url 'blank:browser'.</msg>
<status status="PASS" starttime="20201003 19:29:29.162" endtime="20201003 19:29:32.268"></status>
</kw>
<kw name="Maximize Browser Window" library="SeleniumLibrary">
<doc>Maximizes current browser window.</doc>
<status status="PASS" starttime="20201003 19:29:32.268" endtime="20201003 19:29:34.417"></status>
</kw>
<status status="PASS" starttime="20201003 19:29:29.162" endtime="20201003 19:29:34.417"></status>
</kw>
<kw name="Create Dictionary" library="BuiltIn">
<doc>Creates and returns a dictionary based on the given ``items``.</doc>
<arguments>
<arg>searchitem=fffffffffffffffffffffff</arg>
<arg>expected=No results for fffffffffffffffffffffff</arg>
</arguments>
<assign>
<var>&amp;{proddata}</var>
</assign>
<msg timestamp="20201003 19:29:34.418" level="INFO">&amp;{proddata} = { searchitem=fffffffffffffffffffffff | expected=No results for fffffffffffffffffffffff }</msg>
<status status="PASS" starttime="20201003 19:29:34.418" endtime="20201003 19:29:34.418"></status>
</kw>
<kw name="amazon search" library="amazon">
<arguments>
<arg>&amp;{proddata}</arg>
</arguments>
<kw name="navigate to amazon home page" library="amazon_nav">
<kw name="Go To" library="SeleniumLibrary">
<doc>Navigates the current browser window to the provided ``url``.</doc>
<arguments>
<arg>https://www.amazon.in/</arg>
</arguments>
<msg timestamp="20201003 19:29:34.420" level="INFO">Opening url 'https://www.amazon.in/'</msg>
<status status="PASS" starttime="20201003 19:29:34.419" endtime="20201003 19:29:37.645"></status>
</kw>
<status status="PASS" starttime="20201003 19:29:34.419" endtime="20201003 19:29:37.645"></status>
</kw>
<kw name="search item" library="homepage">
<arguments>
<arg>${searchitem}</arg>
</arguments>
<kw name="Input Text" library="SeleniumLibrary">
<doc>Types the given ``text`` into the text field identified by ``locator``.</doc>
<arguments>
<arg>id:twotabsearchtextbox</arg>
<arg>${searchitem}</arg>
</arguments>
<msg timestamp="20201003 19:29:37.646" level="INFO">Typing text 'fffffffffffffffffffffff' into text field 'id:twotabsearchtextbox'.</msg>
<status status="PASS" starttime="20201003 19:29:37.646" endtime="20201003 19:29:37.883"></status>
</kw>
<kw name="Click Button" library="SeleniumLibrary">
<doc>Clicks the button identified by ``locator``.</doc>
<arguments>
<arg>xpath=//input[@type='submit' and @class='nav-input']</arg>
</arguments>
<msg timestamp="20201003 19:29:37.883" level="INFO">Clicking button 'xpath=//input[@type='submit' and @class='nav-input']'.</msg>
<status status="PASS" starttime="20201003 19:29:37.883" endtime="20201003 19:29:38.842"></status>
</kw>
<status status="PASS" starttime="20201003 19:29:37.646" endtime="20201003 19:29:38.842"></status>
</kw>
<kw name="Page Should Contain" library="SeleniumLibrary">
<doc>Verifies that current page contains ``text``.</doc>
<arguments>
<arg>${expected}</arg>
</arguments>
<msg timestamp="20201003 19:29:38.859" level="INFO">Current page contains text 'No results for fffffffffffffffffffffff'.</msg>
<status status="PASS" starttime="20201003 19:29:38.842" endtime="20201003 19:29:38.860"></status>
</kw>
<status status="PASS" starttime="20201003 19:29:34.419" endtime="20201003 19:29:38.860"></status>
</kw>
<kw name="exit browser" library="common" type="teardown">
<kw name="Close All Browsers" library="SeleniumLibrary">
<doc>Closes all open browsers and resets the browser cache.</doc>
<status status="PASS" starttime="20201003 19:29:38.861" endtime="20201003 19:29:40.988"></status>
</kw>
<status status="PASS" starttime="20201003 19:29:38.860" endtime="20201003 19:29:40.988"></status>
</kw>
<doc>test to product search for invalid products</doc>
<tags>
<tag>Functional</tag>
</tags>
<status status="PASS" starttime="20201003 19:29:29.161" endtime="20201003 19:29:40.990" critical="yes"></status>
</test>
<test id="s1-s2-t2" name="amzon valid product search">
<kw name="start browser" library="common" type="setup">
<kw name="Open Browser" library="SeleniumLibrary">
<doc>Opens a new browser instance to the optional ``url``.</doc>
<arguments>
<arg>blank:browser</arg>
<arg>chrome</arg>
</arguments>
<msg timestamp="20201003 19:29:40.996" level="INFO">Opening browser 'chrome' to base url 'blank:browser'.</msg>
<status status="PASS" starttime="20201003 19:29:40.996" endtime="20201003 19:29:44.163"></status>
</kw>
<kw name="Maximize Browser Window" library="SeleniumLibrary">
<doc>Maximizes current browser window.</doc>
<status status="PASS" starttime="20201003 19:29:44.163" endtime="20201003 19:29:46.305"></status>
</kw>
<status status="PASS" starttime="20201003 19:29:40.995" endtime="20201003 19:29:46.305"></status>
</kw>
<kw name="amazon search" library="amazon">
<arguments>
<arg>&amp;{proddata}</arg>
</arguments>
<kw name="navigate to amazon home page" library="amazon_nav">
<kw name="Go To" library="SeleniumLibrary">
<doc>Navigates the current browser window to the provided ``url``.</doc>
<arguments>
<arg>https://www.amazon.in/</arg>
</arguments>
<msg timestamp="20201003 19:29:46.308" level="INFO">Opening url 'https://www.amazon.in/'</msg>
<status status="PASS" starttime="20201003 19:29:46.307" endtime="20201003 19:29:50.891"></status>
</kw>
<status status="PASS" starttime="20201003 19:29:46.307" endtime="20201003 19:29:50.891"></status>
</kw>
<kw name="search item" library="homepage">
<arguments>
<arg>${searchitem}</arg>
</arguments>
<kw name="Input Text" library="SeleniumLibrary">
<doc>Types the given ``text`` into the text field identified by ``locator``.</doc>
<arguments>
<arg>id:twotabsearchtextbox</arg>
<arg>${searchitem}</arg>
</arguments>
<msg timestamp="20201003 19:29:50.892" level="INFO">Typing text 'iphone' into text field 'id:twotabsearchtextbox'.</msg>
<status status="PASS" starttime="20201003 19:29:50.892" endtime="20201003 19:29:51.117"></status>
</kw>
<kw name="Click Button" library="SeleniumLibrary">
<doc>Clicks the button identified by ``locator``.</doc>
<arguments>
<arg>xpath=//input[@type='submit' and @class='nav-input']</arg>
</arguments>
<msg timestamp="20201003 19:29:51.117" level="INFO">Clicking button 'xpath=//input[@type='submit' and @class='nav-input']'.</msg>
<status status="PASS" starttime="20201003 19:29:51.117" endtime="20201003 19:29:52.754"></status>
</kw>
<status status="PASS" starttime="20201003 19:29:50.891" endtime="20201003 19:29:52.755"></status>
</kw>
<kw name="Page Should Contain" library="SeleniumLibrary">
<doc>Verifies that current page contains ``text``.</doc>
<arguments>
<arg>${expected}</arg>
</arguments>
<msg timestamp="20201003 19:29:52.776" level="INFO">Current page contains text 'iphone'.</msg>
<status status="PASS" starttime="20201003 19:29:52.755" endtime="20201003 19:29:52.776"></status>
</kw>
<status status="PASS" starttime="20201003 19:29:46.306" endtime="20201003 19:29:52.776"></status>
</kw>
<kw name="exit browser" library="common" type="teardown">
<kw name="Close All Browsers" library="SeleniumLibrary">
<doc>Closes all open browsers and resets the browser cache.</doc>
<status status="PASS" starttime="20201003 19:29:52.777" endtime="20201003 19:29:54.928"></status>
</kw>
<status status="PASS" starttime="20201003 19:29:52.777" endtime="20201003 19:29:54.928"></status>
</kw>
<doc>test to product search for valid products</doc>
<tags>
<tag>Functinal Smoke</tag>
</tags>
<status status="PASS" starttime="20201003 19:29:40.994" endtime="20201003 19:29:54.929" critical="yes"></status>
</test>
<test id="s1-s2-t3" name="amazon test count of displayed product">
<kw name="start browser" library="common" type="setup">
<kw name="Open Browser" library="SeleniumLibrary">
<doc>Opens a new browser instance to the optional ``url``.</doc>
<arguments>
<arg>blank:browser</arg>
<arg>chrome</arg>
</arguments>
<msg timestamp="20201003 19:29:54.931" level="INFO">Opening browser 'chrome' to base url 'blank:browser'.</msg>
<status status="PASS" starttime="20201003 19:29:54.931" endtime="20201003 19:29:58.086"></status>
</kw>
<kw name="Maximize Browser Window" library="SeleniumLibrary">
<doc>Maximizes current browser window.</doc>
<status status="PASS" starttime="20201003 19:29:58.086" endtime="20201003 19:30:00.226"></status>
</kw>
<status status="PASS" starttime="20201003 19:29:54.931" endtime="20201003 19:30:00.226"></status>
</kw>
<kw name="amazon product count" library="amazon">
<arguments>
<arg>oneplus</arg>
<arg>xpath://img[@data-image-latency='s-product-image']</arg>
<arg>20</arg>
</arguments>
<kw name="navigate to amazon home page" library="amazon_nav">
<kw name="Go To" library="SeleniumLibrary">
<doc>Navigates the current browser window to the provided ``url``.</doc>
<arguments>
<arg>https://www.amazon.in/</arg>
</arguments>
<msg timestamp="20201003 19:30:00.227" level="INFO">Opening url 'https://www.amazon.in/'</msg>
<status status="PASS" starttime="20201003 19:30:00.227" endtime="20201003 19:30:03.823"></status>
</kw>
<status status="PASS" starttime="20201003 19:30:00.227" endtime="20201003 19:30:03.823"></status>
</kw>
<kw name="search item" library="homepage">
<arguments>
<arg>${searchitem}</arg>
</arguments>
<kw name="Input Text" library="SeleniumLibrary">
<doc>Types the given ``text`` into the text field identified by ``locator``.</doc>
<arguments>
<arg>id:twotabsearchtextbox</arg>
<arg>${searchitem}</arg>
</arguments>
<msg timestamp="20201003 19:30:03.824" level="INFO">Typing text 'oneplus' into text field 'id:twotabsearchtextbox'.</msg>
<status status="PASS" starttime="20201003 19:30:03.824" endtime="20201003 19:30:04.040"></status>
</kw>
<kw name="Click Button" library="SeleniumLibrary">
<doc>Clicks the button identified by ``locator``.</doc>
<arguments>
<arg>xpath=//input[@type='submit' and @class='nav-input']</arg>
</arguments>
<msg timestamp="20201003 19:30:04.040" level="INFO">Clicking button 'xpath=//input[@type='submit' and @class='nav-input']'.</msg>
<status status="PASS" starttime="20201003 19:30:04.040" endtime="20201003 19:30:05.792"></status>
</kw>
<status status="PASS" starttime="20201003 19:30:03.823" endtime="20201003 19:30:05.792"></status>
</kw>
<kw name="Locator Should Match X Times" library="SeleniumLibrary">
<doc>*DEPRECATED in SeleniumLibrary 4.0.*, use `Page Should Contain Element` with ``limit`` argument instead.</doc>
<arguments>
<arg>${xpathsearch}</arg>
<arg>${Count}</arg>
</arguments>
<msg timestamp="20201003 19:30:05.793" level="WARN">Keyword 'SeleniumLibrary.Locator Should Match X Times' is deprecated. , use `Page Should Contain Element` with ``limit`` argument instead.</msg>
<msg timestamp="20201003 19:30:05.813" level="INFO">Current page contains 20 elements matching 'xpath://img[@data-image-latency='s-product-image']'.</msg>
<status status="PASS" starttime="20201003 19:30:05.793" endtime="20201003 19:30:05.813"></status>
</kw>
<status status="PASS" starttime="20201003 19:30:00.226" endtime="20201003 19:30:05.813"></status>
</kw>
<kw name="exit browser" library="common" type="teardown">
<kw name="Close All Browsers" library="SeleniumLibrary">
<doc>Closes all open browsers and resets the browser cache.</doc>
<status status="PASS" starttime="20201003 19:30:05.814" endtime="20201003 19:30:07.965"></status>
</kw>
<status status="PASS" starttime="20201003 19:30:05.814" endtime="20201003 19:30:07.965"></status>
</kw>
<doc>to check whether the total number of item displayed on page is equal to the mentioned number</doc>
<status status="PASS" starttime="20201003 19:29:54.930" endtime="20201003 19:30:07.965" critical="yes"></status>
</test>
<status status="PASS" starttime="20201003 19:29:29.142" endtime="20201003 19:30:07.967"></status>
</suite>
<suite id="s1-s3" name="TC amazon cart checkout" source="C:\Users\krish\PycharmProjects\robottestautomation\Tests\TC_amazon_cart_checkout.robot">
<test id="s1-s3-t1" name="amazon cart operation">
<kw name="start browser" library="common" type="setup">
<kw name="Open Browser" library="SeleniumLibrary">
<doc>Opens a new browser instance to the optional ``url``.</doc>
<arguments>
<arg>blank:browser</arg>
<arg>chrome</arg>
</arguments>
<msg timestamp="20201003 19:30:07.986" level="INFO">Opening browser 'chrome' to base url 'blank:browser'.</msg>
<status status="PASS" starttime="20201003 19:30:07.986" endtime="20201003 19:30:11.127"></status>
</kw>
<kw name="Maximize Browser Window" library="SeleniumLibrary">
<doc>Maximizes current browser window.</doc>
<status status="PASS" starttime="20201003 19:30:11.127" endtime="20201003 19:30:13.271"></status>
</kw>
<status status="PASS" starttime="20201003 19:30:07.985" endtime="20201003 19:30:13.271"></status>
</kw>
<kw name="Set Log Level" library="BuiltIn">
<doc>Sets the log threshold to the specified level and returns the old level.</doc>
<arguments>
<arg>debug</arg>
</arguments>
<msg timestamp="20201003 19:30:13.272" level="INFO">Log level changed from INFO to DEBUG.</msg>
<status status="PASS" starttime="20201003 19:30:13.271" endtime="20201003 19:30:13.272"></status>
</kw>
<kw name="Get Selections From User" library="Dialogs">
<doc>Pauses test execution and asks user to select multiple values.</doc>
<arguments>
<arg>which product to add?</arg>
<arg>amazon echo</arg>
<arg>lenovotabm10</arg>
</arguments>
<assign>
<var>@{prodlist}</var>
</assign>
<msg timestamp="20201003 19:31:50.805" level="INFO">@{prodlist} = [ amazon echo | lenovotabm10 ]</msg>
<status status="PASS" starttime="20201003 19:30:13.272" endtime="20201003 19:31:50.806"></status>
</kw>
<kw name="Get csv data" library="amazon_datareader">
<arguments>
<arg>${filepathprod}</arg>
</arguments>
<assign>
<var>@{proddic}</var>
</assign>
<kw name="Csv Input Process" library="csvinput">
<arguments>
<arg>${filepath}</arg>
</arguments>
<assign>
<var>${data}</var>
</assign>
<msg timestamp="20201003 19:31:50.813" level="INFO">${data} = [['amazon echo', "xpath://img[@src='https://m.media-amazon.com/images/I/61EXU8BuGZL._AC_UY218_.jpg']"], ['lenovotabm10', "xpath://img[@src='https://m.media-amazon.com/images/I/71vJ+ECyuOL._AC_UY218_.j...</msg>
<status status="PASS" starttime="20201003 19:31:50.812" endtime="20201003 19:31:50.813"></status>
</kw>
<msg timestamp="20201003 19:31:50.814" level="INFO">@{proddic} = [ ['amazon echo', "xpath://img[@src='https://m.media-amazon.com/images/I/61EXU8BuGZL._AC_UY218_.jpg']"] | ['lenovotabm10', "xpath://img[@src='https://m.media-amazon.com/images/I/71vJ+ECyuOL._AC_UY218_...</msg>
<status status="PASS" starttime="20201003 19:31:50.811" endtime="20201003 19:31:50.814"></status>
</kw>
<kw name="${prod} IN [ @{prodlist} ]" type="for">
<kw name="${prod} = amazon echo" type="foritem">
<kw name="Handle inner loop">
<arguments>
<arg>${prod}</arg>
<arg>@{proddic}</arg>
</arguments>
<kw name="${i} IN [ @{proddic} ]" type="for">
<kw name="${i} = ['amazon echo', &quot;xpath://img[@src='https://m.media-amazon.com/images/I/61EXU8BuGZL._AC_UY218_.jpg']&quot;]" type="foritem">
<kw name="Run Keyword If" library="BuiltIn">
<doc>Runs the given keyword with the given arguments, if ``condition`` is true.</doc>
<arguments>
<arg>'${prod}'=='${i}[0]'</arg>
<arg>amazon.amazon add to cart</arg>
<arg>${i}[0]</arg>
<arg>${i}[1]</arg>
</arguments>
<kw name="amazon add to cart" library="amazon">
<arguments>
<arg>${i}[0]</arg>
<arg>${i}[1]</arg>
</arguments>
<kw name="navigate to amazon home page" library="amazon_nav">
<kw name="Go To" library="SeleniumLibrary">
<doc>Navigates the current browser window to the provided ``url``.</doc>
<arguments>
<arg>https://www.amazon.in/</arg>
</arguments>
<msg timestamp="20201003 19:31:50.820" level="INFO">Opening url 'https://www.amazon.in/'</msg>
<msg timestamp="20201003 19:31:50.820" level="DEBUG">POST http://127.0.0.1:58722/session/1893b0e5171a74c973ebe796efc7aa50/url {"url": "https://www.amazon.in/"}</msg>
<msg timestamp="20201003 19:31:55.847" level="DEBUG">http://127.0.0.1:58722 "POST /session/1893b0e5171a74c973ebe796efc7aa50/url HTTP/1.1" 200 14</msg>
<msg timestamp="20201003 19:31:55.848" level="DEBUG">Finished Request</msg>
<status status="PASS" starttime="20201003 19:31:50.820" endtime="20201003 19:31:55.848"></status>
</kw>
<status status="PASS" starttime="20201003 19:31:50.820" endtime="20201003 19:31:55.848"></status>
</kw>
<kw name="search and select item" library="homepage">
<arguments>
<arg>${item}</arg>
<arg>${locator}</arg>
</arguments>
<kw name="Input Text" library="SeleniumLibrary">
<doc>Types the given ``text`` into the text field identified by ``locator``.</doc>
<arguments>
<arg>id:twotabsearchtextbox</arg>
<arg>${searchitem}</arg>
</arguments>
<msg timestamp="20201003 19:31:55.849" level="INFO">Typing text 'amazon echo' into text field 'id:twotabsearchtextbox'.</msg>
<msg timestamp="20201003 19:31:55.849" level="DEBUG">POST http://127.0.0.1:58722/session/1893b0e5171a74c973ebe796efc7aa50/elements {"using": "css selector", "value": "[id=\"twotabsearchtextbox\"]"}</msg>
<msg timestamp="20201003 19:31:55.877" level="DEBUG">http://127.0.0.1:58722 "POST /session/1893b0e5171a74c973ebe796efc7aa50/elements HTTP/1.1" 200 90</msg>
<msg timestamp="20201003 19:31:55.877" level="DEBUG">Finished Request</msg>
<msg timestamp="20201003 19:31:55.877" level="DEBUG">POST http://127.0.0.1:58722/session/1893b0e5171a74c973ebe796efc7aa50/element/ecacedc5-95ea-4943-9eda-72d072c0e0b2/clear {"id": "ecacedc5-95ea-4943-9eda-72d072c0e0b2"}</msg>
<msg timestamp="20201003 19:31:55.904" level="DEBUG">http://127.0.0.1:58722 "POST /session/1893b0e5171a74c973ebe796efc7aa50/element/ecacedc5-95ea-4943-9eda-72d072c0e0b2/clear HTTP/1.1" 200 14</msg>
<msg timestamp="20201003 19:31:55.904" level="DEBUG">Finished Request</msg>
<msg timestamp="20201003 19:31:55.904" level="DEBUG">POST http://127.0.0.1:58722/session/1893b0e5171a74c973ebe796efc7aa50/element/ecacedc5-95ea-4943-9eda-72d072c0e0b2/value {"text": "amazon echo", "value": ["a", "m", "a", "z", "o", "n", " ", "e", "c", "h", "o"], "id": "ecacedc5-95ea-4943-9eda-72d072c0e0b2"}</msg>
<msg timestamp="20201003 19:31:56.066" level="DEBUG">http://127.0.0.1:58722 "POST /session/1893b0e5171a74c973ebe796efc7aa50/element/ecacedc5-95ea-4943-9eda-72d072c0e0b2/value HTTP/1.1" 200 14</msg>
<msg timestamp="20201003 19:31:56.067" level="DEBUG">Finished Request</msg>
<status status="PASS" starttime="20201003 19:31:55.849" endtime="20201003 19:31:56.067"></status>
</kw>
<kw name="Click Button" library="SeleniumLibrary">
<doc>Clicks the button identified by ``locator``.</doc>
<arguments>
<arg>xpath=//input[@type='submit' and @class='nav-input']</arg>
</arguments>
<msg timestamp="20201003 19:31:56.067" level="INFO">Clicking button 'xpath=//input[@type='submit' and @class='nav-input']'.</msg>
<msg timestamp="20201003 19:31:56.068" level="DEBUG">POST http://127.0.0.1:58722/session/1893b0e5171a74c973ebe796efc7aa50/elements {"using": "xpath", "value": "//input[@type='submit' and @class='nav-input']"}</msg>
<msg timestamp="20201003 19:31:56.077" level="DEBUG">http://127.0.0.1:58722 "POST /session/1893b0e5171a74c973ebe796efc7aa50/elements HTTP/1.1" 200 90</msg>
<msg timestamp="20201003 19:31:56.077" level="DEBUG">Finished Request</msg>
<msg timestamp="20201003 19:31:56.077" level="DEBUG">GET http://127.0.0.1:58722/session/1893b0e5171a74c973ebe796efc7aa50/element/2532d242-c1eb-4c2b-a878-926b9f225218/name {"id": "2532d242-c1eb-4c2b-a878-926b9f225218"}</msg>
<msg timestamp="20201003 19:31:56.081" level="DEBUG">http://127.0.0.1:58722 "GET /session/1893b0e5171a74c973ebe796efc7aa50/element/2532d242-c1eb-4c2b-a878-926b9f225218/name HTTP/1.1" 200 17</msg>
<msg timestamp="20201003 19:31:56.082" level="DEBUG">Finished Request</msg>
<msg timestamp="20201003 19:31:56.082" level="DEBUG">POST http://127.0.0.1:58722/session/1893b0e5171a74c973ebe796efc7aa50/element/2532d242-c1eb-4c2b-a878-926b9f225218/click {"id": "2532d242-c1eb-4c2b-a878-926b9f225218"}</msg>
<msg timestamp="20201003 19:31:57.624" level="DEBUG">http://127.0.0.1:58722 "POST /session/1893b0e5171a74c973ebe796efc7aa50/element/2532d242-c1eb-4c2b-a878-926b9f225218/click HTTP/1.1" 200 14</msg>
<msg timestamp="20201003 19:31:57.624" level="DEBUG">Finished Request</msg>
<status status="PASS" starttime="20201003 19:31:56.067" endtime="20201003 19:31:57.624"></status>
</kw>
<kw name="Click Element" library="SeleniumLibrary">
<doc>Click the element identified by ``locator``.</doc>
<arguments>
<arg>${locator}</arg>
</arguments>
<msg timestamp="20201003 19:31:57.625" level="INFO">Clicking element 'xpath://img[@src='https://m.media-amazon.com/images/I/61EXU8BuGZL._AC_UY218_.jpg']'.</msg>
<msg timestamp="20201003 19:31:57.625" level="DEBUG">POST http://127.0.0.1:58722/session/1893b0e5171a74c973ebe796efc7aa50/elements {"using": "xpath", "value": "//img[@src='https://m.media-amazon.com/images/I/61EXU8BuGZL._AC_UY218_.jpg']"}</msg>
<msg timestamp="20201003 19:31:57.641" level="DEBUG">http://127.0.0.1:58722 "POST /session/1893b0e5171a74c973ebe796efc7aa50/elements HTTP/1.1" 200 169</msg>
<msg timestamp="20201003 19:31:57.641" level="DEBUG">Finished Request</msg>
<msg timestamp="20201003 19:31:57.641" level="DEBUG">POST http://127.0.0.1:58722/session/1893b0e5171a74c973ebe796efc7aa50/element/a8ee1232-06fd-47e5-a8c9-16ab4cd4e5c7/click {"id": "a8ee1232-06fd-47e5-a8c9-16ab4cd4e5c7"}</msg>
<msg timestamp="20201003 19:31:57.753" level="DEBUG">http://127.0.0.1:58722 "POST /session/1893b0e5171a74c973ebe796efc7aa50/element/a8ee1232-06fd-47e5-a8c9-16ab4cd4e5c7/click HTTP/1.1" 200 14</msg>
<msg timestamp="20201003 19:31:57.753" level="DEBUG">Finished Request</msg>
<status status="PASS" starttime="20201003 19:31:57.624" endtime="20201003 19:31:57.753"></status>
</kw>
<kw name="Sleep" library="BuiltIn">
<doc>Pauses the test executed for the given time.</doc>
<arguments>
<arg>3s</arg>
</arguments>
<msg timestamp="20201003 19:32:00.756" level="INFO">Slept 3 seconds</msg>
<status status="PASS" starttime="20201003 19:31:57.754" endtime="20201003 19:32:00.756"></status>
</kw>
<kw name="Select Window" library="SeleniumLibrary">
<doc>DEPRECATED in SeleniumLibrary 4.0. , use `Switch Window` instead.</doc>
<arguments>
<arg>NEW</arg>
</arguments>
<msg timestamp="20201003 19:32:00.756" level="DEBUG">GET http://127.0.0.1:58722/session/1893b0e5171a74c973ebe796efc7aa50/window {}</msg>
<msg timestamp="20201003 19:32:00.757" level="DEBUG">http://127.0.0.1:58722 "GET /session/1893b0e5171a74c973ebe796efc7aa50/window HTTP/1.1" 200 53</msg>
<msg timestamp="20201003 19:32:00.757" level="DEBUG">Finished Request</msg>
<msg timestamp="20201003 19:32:00.757" level="DEBUG">GET http://127.0.0.1:58722/session/1893b0e5171a74c973ebe796efc7aa50/window/handles {}</msg>
<msg timestamp="20201003 19:32:00.759" level="DEBUG">http://127.0.0.1:58722 "GET /session/1893b0e5171a74c973ebe796efc7aa50/window/handles HTTP/1.1" 200 99</msg>
<msg timestamp="20201003 19:32:00.760" level="DEBUG">Finished Request</msg>
<msg timestamp="20201003 19:32:00.760" level="DEBUG">GET http://127.0.0.1:58722/session/1893b0e5171a74c973ebe796efc7aa50/window {}</msg>
<msg timestamp="20201003 19:32:00.760" level="DEBUG">http://127.0.0.1:58722 "GET /session/1893b0e5171a74c973ebe796efc7aa50/window HTTP/1.1" 200 53</msg>
<msg timestamp="20201003 19:32:00.761" level="DEBUG">Finished Request</msg>
<msg timestamp="20201003 19:32:00.761" level="DEBUG">POST http://127.0.0.1:58722/session/1893b0e5171a74c973ebe796efc7aa50/window {"handle": "CDwindow-360774D283225B4B671DCC259631D2F0"}</msg>
<msg timestamp="20201003 19:32:00.764" level="DEBUG">http://127.0.0.1:58722 "POST /session/1893b0e5171a74c973ebe796efc7aa50/window HTTP/1.1" 200 14</msg>
<msg timestamp="20201003 19:32:00.764" level="DEBUG">Finished Request</msg>
<status status="PASS" starttime="20201003 19:32:00.756" endtime="20201003 19:32:00.764"></status>
</kw>
<kw name="Click Button" library="SeleniumLibrary">
<doc>Clicks the button identified by ``locator``.</doc>
<arguments>
<arg>xpath://input[@id='add-to-cart-button']</arg>
</arguments>
<msg timestamp="20201003 19:32:00.765" level="INFO">Clicking button 'xpath://input[@id='add-to-cart-button']'.</msg>
<msg timestamp="20201003 19:32:00.765" level="DEBUG">POST http://127.0.0.1:58722/session/1893b0e5171a74c973ebe796efc7aa50/elements {"using": "xpath", "value": "//input[@id='add-to-cart-button']"}</msg>
<msg timestamp="20201003 19:32:03.595" level="DEBUG">http://127.0.0.1:58722 "POST /session/1893b0e5171a74c973ebe796efc7aa50/elements HTTP/1.1" 200 90</msg>
<msg timestamp="20201003 19:32:03.595" level="DEBUG">Finished Request</msg>
<msg timestamp="20201003 19:32:03.595" level="DEBUG">GET http://127.0.0.1:58722/session/1893b0e5171a74c973ebe796efc7aa50/element/ad5be39a-f46f-409a-972b-c94f195c22fb/name {"id": "ad5be39a-f46f-409a-972b-c94f195c22fb"}</msg>
<msg timestamp="20201003 19:32:03.599" level="DEBUG">http://127.0.0.1:58722 "GET /session/1893b0e5171a74c973ebe796efc7aa50/element/ad5be39a-f46f-409a-972b-c94f195c22fb/name HTTP/1.1" 200 17</msg>
<msg timestamp="20201003 19:32:03.599" level="DEBUG">Finished Request</msg>
<msg timestamp="20201003 19:32:03.599" level="DEBUG">POST http://127.0.0.1:58722/session/1893b0e5171a74c973ebe796efc7aa50/element/ad5be39a-f46f-409a-972b-c94f195c22fb/click {"id": "ad5be39a-f46f-409a-972b-c94f195c22fb"}</msg>
<msg timestamp="20201003 19:32:03.747" level="DEBUG">http://127.0.0.1:58722 "POST /session/1893b0e5171a74c973ebe796efc7aa50/element/ad5be39a-f46f-409a-972b-c94f195c22fb/click HTTP/1.1" 200 14</msg>
<msg timestamp="20201003 19:32:03.747" level="DEBUG">Finished Request</msg>
<status status="PASS" starttime="20201003 19:32:00.764" endtime="20201003 19:32:03.748"></status>
</kw>
<status status="PASS" starttime="20201003 19:31:55.848" endtime="20201003 19:32:03.748"></status>
</kw>
<status status="PASS" starttime="20201003 19:31:50.819" endtime="20201003 19:32:03.748"></status>
</kw>
<status status="PASS" starttime="20201003 19:31:50.815" endtime="20201003 19:32:03.748"></status>
</kw>
<status status="PASS" starttime="20201003 19:31:50.815" endtime="20201003 19:32:03.748"></status>
</kw>
<kw name="${i} = ['lenovotabm10', &quot;xpath://img[@src='https://m.media-amazon.com/images/I/71vJ+ECyuOL._AC_UY218_.jpg']&quot;]" type="foritem">
<kw name="Run Keyword If" library="BuiltIn">
<doc>Runs the given keyword with the given arguments, if ``condition`` is true.</doc>
<arguments>
<arg>'${prod}'=='${i}[0]'</arg>
<arg>amazon.amazon add to cart</arg>
<arg>${i}[0]</arg>
<arg>${i}[1]</arg>
</arguments>
<status status="PASS" starttime="20201003 19:32:03.748" endtime="20201003 19:32:03.748"></status>
</kw>
<status status="PASS" starttime="20201003 19:32:03.748" endtime="20201003 19:32:03.748"></status>
</kw>
<status status="PASS" starttime="20201003 19:31:50.815" endtime="20201003 19:32:03.748"></status>
</kw>
<status status="PASS" starttime="20201003 19:31:50.814" endtime="20201003 19:32:03.749"></status>
</kw>
<status status="PASS" starttime="20201003 19:31:50.814" endtime="20201003 19:32:03.749"></status>
</kw>
<kw name="${prod} = lenovotabm10" type="foritem">
<kw name="Handle inner loop">
<arguments>
<arg>${prod}</arg>
<arg>@{proddic}</arg>
</arguments>
<kw name="${i} IN [ @{proddic} ]" type="for">
<kw name="${i} = ['amazon echo', &quot;xpath://img[@src='https://m.media-amazon.com/images/I/61EXU8BuGZL._AC_UY218_.jpg']&quot;]" type="foritem">
<kw name="Run Keyword If" library="BuiltIn">
<doc>Runs the given keyword with the given arguments, if ``condition`` is true.</doc>
<arguments>
<arg>'${prod}'=='${i}[0]'</arg>
<arg>amazon.amazon add to cart</arg>
<arg>${i}[0]</arg>
<arg>${i}[1]</arg>
</arguments>
<status status="PASS" starttime="20201003 19:32:03.749" endtime="20201003 19:32:03.750"></status>
</kw>
<status status="PASS" starttime="20201003 19:32:03.749" endtime="20201003 19:32:03.750"></status>
</kw>
<kw name="${i} = ['lenovotabm10', &quot;xpath://img[@src='https://m.media-amazon.com/images/I/71vJ+ECyuOL._AC_UY218_.jpg']&quot;]" type="foritem">
<kw name="Run Keyword If" library="BuiltIn">
<doc>Runs the given keyword with the given arguments, if ``condition`` is true.</doc>
<arguments>
<arg>'${prod}'=='${i}[0]'</arg>
<arg>amazon.amazon add to cart</arg>
<arg>${i}[0]</arg>
<arg>${i}[1]</arg>
</arguments>
<kw name="amazon add to cart" library="amazon">
<arguments>
<arg>${i}[0]</arg>
<arg>${i}[1]</arg>
</arguments>
<kw name="navigate to amazon home page" library="amazon_nav">
<kw name="Go To" library="SeleniumLibrary">
<doc>Navigates the current browser window to the provided ``url``.</doc>
<arguments>
<arg>https://www.amazon.in/</arg>
</arguments>
<msg timestamp="20201003 19:32:03.751" level="INFO">Opening url 'https://www.amazon.in/'</msg>
<msg timestamp="20201003 19:32:03.751" level="DEBUG">POST http://127.0.0.1:58722/session/1893b0e5171a74c973ebe796efc7aa50/url {"url": "https://www.amazon.in/"}</msg>
<msg timestamp="20201003 19:32:06.135" level="DEBUG">http://127.0.0.1:58722 "POST /session/1893b0e5171a74c973ebe796efc7aa50/url HTTP/1.1" 200 14</msg>
<msg timestamp="20201003 19:32:06.135" level="DEBUG">Finished Request</msg>
<status status="PASS" starttime="20201003 19:32:03.751" endtime="20201003 19:32:06.135"></status>
</kw>
<status status="PASS" starttime="20201003 19:32:03.751" endtime="20201003 19:32:06.135"></status>
</kw>
<kw name="search and select item" library="homepage">
<arguments>
<arg>${item}</arg>
<arg>${locator}</arg>
</arguments>
<kw name="Input Text" library="SeleniumLibrary">
<doc>Types the given ``text`` into the text field identified by ``locator``.</doc>
<arguments>
<arg>id:twotabsearchtextbox</arg>
<arg>${searchitem}</arg>
</arguments>
<msg timestamp="20201003 19:32:06.136" level="INFO">Typing text 'lenovotabm10' into text field 'id:twotabsearchtextbox'.</msg>
<msg timestamp="20201003 19:32:06.137" level="DEBUG">POST http://127.0.0.1:58722/session/1893b0e5171a74c973ebe796efc7aa50/elements {"using": "css selector", "value": "[id=\"twotabsearchtextbox\"]"}</msg>
<msg timestamp="20201003 19:32:06.149" level="DEBUG">http://127.0.0.1:58722 "POST /session/1893b0e5171a74c973ebe796efc7aa50/elements HTTP/1.1" 200 90</msg>
<msg timestamp="20201003 19:32:06.151" level="DEBUG">Finished Request</msg>
<msg timestamp="20201003 19:32:06.151" level="DEBUG">POST http://127.0.0.1:58722/session/1893b0e5171a74c973ebe796efc7aa50/element/da3f2e1a-e113-49fe-98f0-c64835d254ef/clear {"id": "da3f2e1a-e113-49fe-98f0-c64835d254ef"}</msg>
<msg timestamp="20201003 19:32:06.183" level="DEBUG">http://127.0.0.1:58722 "POST /session/1893b0e5171a74c973ebe796efc7aa50/element/da3f2e1a-e113-49fe-98f0-c64835d254ef/clear HTTP/1.1" 200 14</msg>
<msg timestamp="20201003 19:32:06.183" level="DEBUG">Finished Request</msg>
<msg timestamp="20201003 19:32:06.183" level="DEBUG">POST http://127.0.0.1:58722/session/1893b0e5171a74c973ebe796efc7aa50/element/da3f2e1a-e113-49fe-98f0-c64835d254ef/value {"text": "lenovotabm10", "value": ["l", "e", "n", "o", "v", "o", "t", "a", "b", "m", "1", "0"], "id": "da3f2e1a-e113-49fe-98f0-c64835d254ef"}</msg>
<msg timestamp="20201003 19:32:06.303" level="DEBUG">http://127.0.0.1:58722 "POST /session/1893b0e5171a74c973ebe796efc7aa50/element/da3f2e1a-e113-49fe-98f0-c64835d254ef/value HTTP/1.1" 200 14</msg>
<msg timestamp="20201003 19:32:06.304" level="DEBUG">Finished Request</msg>
<status status="PASS" starttime="20201003 19:32:06.136" endtime="20201003 19:32:06.304"></status>
</kw>
<kw name="Click Button" library="SeleniumLibrary">
<doc>Clicks the button identified by ``locator``.</doc>
<arguments>
<arg>xpath=//input[@type='submit' and @class='nav-input']</arg>
</arguments>
<msg timestamp="20201003 19:32:06.304" level="INFO">Clicking button 'xpath=//input[@type='submit' and @class='nav-input']'.</msg>
<msg timestamp="20201003 19:32:06.304" level="DEBUG">POST http://127.0.0.1:58722/session/1893b0e5171a74c973ebe796efc7aa50/elements {"using": "xpath", "value": "//input[@type='submit' and @class='nav-input']"}</msg>
<msg timestamp="20201003 19:32:06.324" level="DEBUG">http://127.0.0.1:58722 "POST /session/1893b0e5171a74c973ebe796efc7aa50/elements HTTP/1.1" 200 90</msg>
<msg timestamp="20201003 19:32:06.325" level="DEBUG">Finished Request</msg>
<msg timestamp="20201003 19:32:06.325" level="DEBUG">GET http://127.0.0.1:58722/session/1893b0e5171a74c973ebe796efc7aa50/element/20181d58-d858-4dc1-8e84-00e516e75d55/name {"id": "20181d58-d858-4dc1-8e84-00e516e75d55"}</msg>
<msg timestamp="20201003 19:32:06.332" level="DEBUG">http://127.0.0.1:58722 "GET /session/1893b0e5171a74c973ebe796efc7aa50/element/20181d58-d858-4dc1-8e84-00e516e75d55/name HTTP/1.1" 200 17</msg>
<msg timestamp="20201003 19:32:06.332" level="DEBUG">Finished Request</msg>
<msg timestamp="20201003 19:32:06.332" level="DEBUG">POST http://127.0.0.1:58722/session/1893b0e5171a74c973ebe796efc7aa50/element/20181d58-d858-4dc1-8e84-00e516e75d55/click {"id": "20181d58-d858-4dc1-8e84-00e516e75d55"}</msg>
<msg timestamp="20201003 19:32:07.673" level="DEBUG">http://127.0.0.1:58722 "POST /session/1893b0e5171a74c973ebe796efc7aa50/element/20181d58-d858-4dc1-8e84-00e516e75d55/click HTTP/1.1" 200 14</msg>
<msg timestamp="20201003 19:32:07.674" level="DEBUG">Finished Request</msg>
<status status="PASS" starttime="20201003 19:32:06.304" endtime="20201003 19:32:07.674"></status>
</kw>
<kw name="Click Element" library="SeleniumLibrary">
<doc>Click the element identified by ``locator``.</doc>
<arguments>
<arg>${locator}</arg>
</arguments>
<msg timestamp="20201003 19:32:07.674" level="INFO">Clicking element 'xpath://img[@src='https://m.media-amazon.com/images/I/71vJ+ECyuOL._AC_UY218_.jpg']'.</msg>
<msg timestamp="20201003 19:32:07.674" level="DEBUG">POST http://127.0.0.1:58722/session/1893b0e5171a74c973ebe796efc7aa50/elements {"using": "xpath", "value": "//img[@src='https://m.media-amazon.com/images/I/71vJ+ECyuOL._AC_UY218_.jpg']"}</msg>
<msg timestamp="20201003 19:32:07.852" level="DEBUG">http://127.0.0.1:58722 "POST /session/1893b0e5171a74c973ebe796efc7aa50/elements HTTP/1.1" 200 90</msg>
<msg timestamp="20201003 19:32:07.853" level="DEBUG">Finished Request</msg>
<msg timestamp="20201003 19:32:07.853" level="DEBUG">POST http://127.0.0.1:58722/session/1893b0e5171a74c973ebe796efc7aa50/element/6e09adda-6bae-4c6a-864f-f21914532f84/click {"id": "6e09adda-6bae-4c6a-864f-f21914532f84"}</msg>
<msg timestamp="20201003 19:32:08.043" level="DEBUG">http://127.0.0.1:58722 "POST /session/1893b0e5171a74c973ebe796efc7aa50/element/6e09adda-6bae-4c6a-864f-f21914532f84/click HTTP/1.1" 200 14</msg>
<msg timestamp="20201003 19:32:08.043" level="DEBUG">Finished Request</msg>
<status status="PASS" starttime="20201003 19:32:07.674" endtime="20201003 19:32:08.043"></status>
</kw>
<kw name="Sleep" library="BuiltIn">
<doc>Pauses the test executed for the given time.</doc>
<arguments>
<arg>3s</arg>
</arguments>
<msg timestamp="20201003 19:32:11.052" level="INFO">Slept 3 seconds</msg>
<status status="PASS" starttime="20201003 19:32:08.043" endtime="20201003 19:32:11.052"></status>
</kw>
<kw name="Select Window" library="SeleniumLibrary">
<doc>DEPRECATED in SeleniumLibrary 4.0. , use `Switch Window` instead.</doc>
<arguments>
<arg>NEW</arg>
</arguments>
<msg timestamp="20201003 19:32:11.052" level="DEBUG">GET http://127.0.0.1:58722/session/1893b0e5171a74c973ebe796efc7aa50/window {}</msg>
<msg timestamp="20201003 19:32:11.055" level="DEBUG">http://127.0.0.1:58722 "GET /session/1893b0e5171a74c973ebe796efc7aa50/window HTTP/1.1" 200 53</msg>
<msg timestamp="20201003 19:32:11.055" level="DEBUG">Finished Request</msg>
<msg timestamp="20201003 19:32:11.055" level="DEBUG">GET http://127.0.0.1:58722/session/1893b0e5171a74c973ebe796efc7aa50/window/handles {}</msg>
<msg timestamp="20201003 19:32:11.058" level="DEBUG">http://127.0.0.1:58722 "GET /session/1893b0e5171a74c973ebe796efc7aa50/window/handles HTTP/1.1" 200 143</msg>
<msg timestamp="20201003 19:32:11.058" level="DEBUG">Finished Request</msg>
<msg timestamp="20201003 19:32:11.058" level="DEBUG">GET http://127.0.0.1:58722/session/1893b0e5171a74c973ebe796efc7aa50/window {}</msg>
<msg timestamp="20201003 19:32:11.059" level="DEBUG">http://127.0.0.1:58722 "GET /session/1893b0e5171a74c973ebe796efc7aa50/window HTTP/1.1" 200 53</msg>
<msg timestamp="20201003 19:32:11.059" level="DEBUG">Finished Request</msg>
<msg timestamp="20201003 19:32:11.059" level="DEBUG">POST http://127.0.0.1:58722/session/1893b0e5171a74c973ebe796efc7aa50/window {"handle": "CDwindow-3017F429FD6EF6B51C37412B32F898D6"}</msg>
<msg timestamp="20201003 19:32:11.063" level="DEBUG">http://127.0.0.1:58722 "POST /session/1893b0e5171a74c973ebe796efc7aa50/window HTTP/1.1" 200 14</msg>
<msg timestamp="20201003 19:32:11.063" level="DEBUG">Finished Request</msg>
<status status="PASS" starttime="20201003 19:32:11.052" endtime="20201003 19:32:11.063"></status>
</kw>
<kw name="Click Button" library="SeleniumLibrary">
<doc>Clicks the button identified by ``locator``.</doc>
<arguments>
<arg>xpath://input[@id='add-to-cart-button']</arg>
</arguments>
<msg timestamp="20201003 19:32:11.064" level="INFO">Clicking button 'xpath://input[@id='add-to-cart-button']'.</msg>
<msg timestamp="20201003 19:32:11.064" level="DEBUG">POST http://127.0.0.1:58722/session/1893b0e5171a74c973ebe796efc7aa50/elements {"using": "xpath", "value": "//input[@id='add-to-cart-button']"}</msg>
<msg timestamp="20201003 19:32:13.129" level="DEBUG">http://127.0.0.1:58722 "POST /session/1893b0e5171a74c973ebe796efc7aa50/elements HTTP/1.1" 200 90</msg>
<msg timestamp="20201003 19:32:13.129" level="DEBUG">Finished Request</msg>
<msg timestamp="20201003 19:32:13.129" level="DEBUG">GET http://127.0.0.1:58722/session/1893b0e5171a74c973ebe796efc7aa50/element/bdef2929-e3c7-41e3-8342-725879ac8c98/name {"id": "bdef2929-e3c7-41e3-8342-725879ac8c98"}</msg>
<msg timestamp="20201003 19:32:13.133" level="DEBUG">http://127.0.0.1:58722 "GET /session/1893b0e5171a74c973ebe796efc7aa50/element/bdef2929-e3c7-41e3-8342-725879ac8c98/name HTTP/1.1" 200 17</msg>
<msg timestamp="20201003 19:32:13.133" level="DEBUG">Finished Request</msg>
<msg timestamp="20201003 19:32:13.134" level="DEBUG">POST http://127.0.0.1:58722/session/1893b0e5171a74c973ebe796efc7aa50/element/bdef2929-e3c7-41e3-8342-725879ac8c98/click {"id": "bdef2929-e3c7-41e3-8342-725879ac8c98"}</msg>
<msg timestamp="20201003 19:32:13.311" level="DEBUG">http://127.0.0.1:58722 "POST /session/1893b0e5171a74c973ebe796efc7aa50/element/bdef2929-e3c7-41e3-8342-725879ac8c98/click HTTP/1.1" 200 14</msg>
<msg timestamp="20201003 19:32:13.312" level="DEBUG">Finished Request</msg>
<status status="PASS" starttime="20201003 19:32:11.063" endtime="20201003 19:32:13.312"></status>
</kw>
<status status="PASS" starttime="20201003 19:32:06.135" endtime="20201003 19:32:13.312"></status>
</kw>
<status status="PASS" starttime="20201003 19:32:03.750" endtime="20201003 19:32:13.312"></status>
</kw>
<status status="PASS" starttime="20201003 19:32:03.750" endtime="20201003 19:32:13.312"></status>
</kw>
<status status="PASS" starttime="20201003 19:32:03.750" endtime="20201003 19:32:13.312"></status>
</kw>
<status status="PASS" starttime="20201003 19:32:03.749" endtime="20201003 19:32:13.312"></status>
</kw>
<status status="PASS" starttime="20201003 19:32:03.749" endtime="20201003 19:32:13.312"></status>
</kw>
<status status="PASS" starttime="20201003 19:32:03.749" endtime="20201003 19:32:13.312"></status>
</kw>
[...]
.pageXOffset||a.scrollLeft,b.pageYOffset||a.scrollTop)}else a=new Ra(a.scrollLeft,a.scrollTop);return a}var e=Lc(a);var f=F(a),g=f.documentElement,h=f.body,r=Y(g,\"overflow\"),w;for(a=b(a);a;a=b(a)){var n=c(a);if(\"visible\"!=n.x||\"visible\"!=n.y){var C=Hc(a);if(!C.width||!C.height)return Z;\nvar M=e.a&lt;C.a,P=e.b&lt;C.b;if(M&amp;&amp;\"hidden\"==n.x||P&amp;&amp;\"hidden\"==n.y)return Z;if(M&amp;&amp;\"visible\"!=n.x||P&amp;&amp;\"visible\"!=n.y){M=d(a);P=e.b&lt;C.b-M.y;if(e.a&lt;C.a-M.x&amp;&amp;\"visible\"!=n.x||P&amp;&amp;\"visible\"!=n.x)return Z;e=Ic(a);return e==Z?Z:\"scroll\"}M=e.f&gt;=C.a+C.width;C=e.c&gt;=C.b+C.height;if(M&amp;&amp;\"hidden\"==n.x||C&amp;&amp;\"hidden\"==n.y)return Z;if(M&amp;&amp;\"visible\"!=n.x||C&amp;&amp;\"visible\"!=n.y){if(w&amp;&amp;(n=d(a),e.f&gt;=g.scrollWidth-n.x||e.a&gt;=g.scrollHeight-n.y))return Z;e=Ic(a);return e==Z?Z:\"scroll\"}}}return\"none\"}\nfunction Hc(a){var b=Jc(a);if(b)return b.rect;if(K(a,\"HTML\"))return a=F(a),a=((a?a.parentWindow||a.defaultView:window)||window).document,a=\"CSS1Compat\"==a.compatMode?a.documentElement:a.body,a=new ja(a.clientWidth,a.clientHeight),new E(0,0,a.width,a.height);try{var c=a.getBoundingClientRect()}catch(d){return new E(0,0,0,0)}b=new E(c.left,c.top,c.right-c.left,c.bottom-c.top);B&amp;&amp;a.ownerDocument.body&amp;&amp;(a=F(a),b.a-=a.documentElement.clientLeft+a.body.clientLeft,b.b-=a.documentElement.clientTop+a.body.clientTop);\nreturn b}function Jc(a){var b=K(a,\"MAP\");if(!b&amp;&amp;!K(a,\"AREA\"))return null;var c=b?a:K(a.parentNode,\"MAP\")?a.parentNode:null,d=null,e=null;c&amp;&amp;c.name&amp;&amp;(d=Cc('/descendant::*[@usemap = \"#'+c.name+'\"]',F(c)))&amp;&amp;(e=Hc(d),b||\"default\"==a.shape.toLowerCase()||(a=Mc(a),b=Math.min(Math.max(a.a,0),e.width),c=Math.min(Math.max(a.b,0),e.height),e=new E(b+e.a,c+e.b,Math.min(a.width,e.width-b),Math.min(a.height,e.height-c))));return{B:d,rect:e||new E(0,0,0,0)}}\nfunction Mc(a){var b=a.shape.toLowerCase();a=a.coords.split(\",\");if(\"rect\"==b&amp;&amp;4==a.length){var b=a[0],c=a[1];return new E(b,c,a[2]-b,a[3]-c)}if(\"circle\"==b&amp;&amp;3==a.length)return b=a[2],new E(a[0]-b,a[1]-b,2*b,2*b);if(\"poly\"==b&amp;&amp;2&lt;a.length){for(var b=a[0],c=a[1],d=b,e=c,f=2;f+1&lt;a.length;f+=2)b=Math.min(b,a[f]),d=Math.max(d,a[f]),c=Math.min(c,a[f+1]),e=Math.max(e,a[f+1]);return new E(b,c,d-b,e-c)}return new E(0,0,0,0)}function Lc(a){a=Hc(a);return new db(a.b,a.a+a.width,a.b+a.height,a.a)}\nfunction Kc(a){if(qb){if(\"relative\"==Y(a,\"position\"))return 1;a=Y(a,\"filter\");return(a=a.match(/^alpha\\(opacity=(\\d*)\\)/)||a.match(/^progid:DXImageTransform.Microsoft.Alpha\\(Opacity=(\\d*)\\)/))?Number(a[1])/100:1}return Nc(a)}function Nc(a){var b=1,c=Y(a,\"opacity\");c&amp;&amp;(b=Number(c));(a=Ec(a))&amp;&amp;(b*=Nc(a));return b};aa(\"_\",function(a,b){function c(a){if(K(a)&amp;&amp;\"none\"==Y(a,\"display\"))return!1;var b;(b=a.parentNode)&amp;&amp;b.shadowRoot&amp;&amp;void 0!==a.assignedSlot?b=a.assignedSlot?a.assignedSlot.parentNode:null:a.getDestinationInsertionPoints&amp;&amp;(a=a.getDestinationInsertionPoints(),0&lt;a.length&amp;&amp;(b=a[a.length-1]));if(Dc&amp;&amp;b instanceof ShadowRoot){if(b.host.shadowRoot!==b)return!1;b=b.host}return!b||9!=b.nodeType&amp;&amp;11!=b.nodeType?b&amp;&amp;c(b):!0}return Gc(a,!!b,c)});; return this._.apply(null,arguments);}.apply({navigator:typeof window!='undefined'?window.navigator:null,document:typeof window!='undefined'?window.document:null}, arguments);}\n).apply(null, arguments);", "args": [{"ELEMENT": "576e6c2e-096b-4b6c-9904-961230e85ece", "element-6066-11e4-a52e-4f735466cecf": "576e6c2e-096b-4b6c-9904-961230e85ece"}]}</msg>
<msg timestamp="20201003 19:32:30.761" level="DEBUG">http://127.0.0.1:58888 "POST /session/022d8efab426785ac0a3d3699e4b6d48/execute/sync HTTP/1.1" 200 14</msg>
<msg timestamp="20201003 19:32:30.761" level="DEBUG">Finished Request</msg>
<status status="PASS" starttime="20201003 19:32:30.746" endtime="20201003 19:32:30.761"></status>
</kw>
<kw name="Click Button" library="SeleniumLibrary">
<doc>Clicks the button identified by ``locator``.</doc>
<arguments>
<arg>id:signInSubmit</arg>
</arguments>
<msg timestamp="20201003 19:32:30.762" level="INFO">Clicking button 'id:signInSubmit'.</msg>
<msg timestamp="20201003 19:32:30.762" level="DEBUG">POST http://127.0.0.1:58888/session/022d8efab426785ac0a3d3699e4b6d48/elements {"using": "css selector", "value": "[id=\"signInSubmit\"]"}</msg>
<msg timestamp="20201003 19:32:30.766" level="DEBUG">http://127.0.0.1:58888 "POST /session/022d8efab426785ac0a3d3699e4b6d48/elements HTTP/1.1" 200 90</msg>
<msg timestamp="20201003 19:32:30.766" level="DEBUG">Finished Request</msg>
<msg timestamp="20201003 19:32:30.766" level="DEBUG">GET http://127.0.0.1:58888/session/022d8efab426785ac0a3d3699e4b6d48/element/576e6c2e-096b-4b6c-9904-961230e85ece/name {"id": "576e6c2e-096b-4b6c-9904-961230e85ece"}</msg>
<msg timestamp="20201003 19:32:30.770" level="DEBUG">http://127.0.0.1:58888 "GET /session/022d8efab426785ac0a3d3699e4b6d48/element/576e6c2e-096b-4b6c-9904-961230e85ece/name HTTP/1.1" 200 17</msg>
<msg timestamp="20201003 19:32:30.770" level="DEBUG">Finished Request</msg>
<msg timestamp="20201003 19:32:30.770" level="DEBUG">POST http://127.0.0.1:58888/session/022d8efab426785ac0a3d3699e4b6d48/element/576e6c2e-096b-4b6c-9904-961230e85ece/click {"id": "576e6c2e-096b-4b6c-9904-961230e85ece"}</msg>
<msg timestamp="20201003 19:32:30.813" level="DEBUG">http://127.0.0.1:58888 "POST /session/022d8efab426785ac0a3d3699e4b6d48/element/576e6c2e-096b-4b6c-9904-961230e85ece/click HTTP/1.1" 200 14</msg>
<msg timestamp="20201003 19:32:30.814" level="DEBUG">Finished Request</msg>
<status status="PASS" starttime="20201003 19:32:30.762" endtime="20201003 19:32:30.814"></status>
</kw>
<status status="PASS" starttime="20201003 19:32:30.745" endtime="20201003 19:32:30.814"></status>
</kw>
<kw name="Get Selection From User" library="Dialogs">
<doc>Pauses test execution and asks user to select a value.</doc>
<arguments>
<arg>Have you verified?</arg>
<arg>Yes</arg>
<arg>no</arg>
</arguments>
<assign>
<var>${continue}</var>
</assign>
<msg timestamp="20201003 19:32:38.690" level="INFO">${continue} = Yes</msg>
<status status="PASS" starttime="20201003 19:32:30.814" endtime="20201003 19:32:38.690"></status>
</kw>
<kw name="Run Keyword If" library="BuiltIn">
<doc>Runs the given keyword with the given arguments, if ``condition`` is true.</doc>
<arguments>
<arg>'${continue}'== 'Yes'</arg>
<arg>useraccount.click add address in your address</arg>
</arguments>
<kw name="click add address in your address" library="useraccount">
<kw name="Click Element" library="SeleniumLibrary">
<doc>Click the element identified by ``locator``.</doc>
<arguments>
<arg>xpath://h2[text()='Add address']</arg>
</arguments>
<msg timestamp="20201003 19:32:38.692" level="INFO">Clicking element 'xpath://h2[text()='Add address']'.</msg>
<msg timestamp="20201003 19:32:38.692" level="DEBUG">POST http://127.0.0.1:58888/session/022d8efab426785ac0a3d3699e4b6d48/elements {"using": "xpath", "value": "//h2[text()='Add address']"}</msg>
<msg timestamp="20201003 19:32:38.710" level="DEBUG">http://127.0.0.1:58888 "POST /session/022d8efab426785ac0a3d3699e4b6d48/elements HTTP/1.1" 200 12</msg>
<msg timestamp="20201003 19:32:38.710" level="DEBUG">Finished Request</msg>
<kw name="Capture Page Screenshot" library="SeleniumLibrary">
<doc>Takes a screenshot of the current page and embeds it into a log file.</doc>
<msg timestamp="20201003 19:32:38.711" level="DEBUG">GET http://127.0.0.1:58888/session/022d8efab426785ac0a3d3699e4b6d48/screenshot {}</msg>
<msg timestamp="20201003 19:32:39.037" level="DEBUG">http://127.0.0.1:58888 "GET /session/022d8efab426785ac0a3d3699e4b6d48/screenshot HTTP/1.1" 200 83204</msg>
<msg timestamp="20201003 19:32:39.038" level="DEBUG">Finished Request</msg>
<msg timestamp="20201003 19:32:39.039" level="INFO" html="yes">&lt;/td&gt;&lt;/tr&gt;&lt;tr&gt;&lt;td colspan="3"&gt;&lt;a href="selenium-screenshot-5.png"&gt;&lt;img src="selenium-screenshot-5.png" width="800px"&gt;&lt;/a&gt;</msg>
<status status="PASS" starttime="20201003 19:32:38.710" endtime="20201003 19:32:39.039"></status>
</kw>
<msg timestamp="20201003 19:32:39.040" level="FAIL">Element with locator 'xpath://h2[text()='Add address']' not found.</msg>
<msg timestamp="20201003 19:32:39.040" level="DEBUG">Traceback (most recent call last):
  File "c:\users\krish\appdata\local\programs\python\python38\lib\site-packages\SeleniumLibrary\__init__.py", line 471, in run_keyword
    return DynamicCore.run_keyword(self, name, args, kwargs)
  File "c:\users\krish\appdata\local\programs\python\python38\lib\site-packages\robotlibcore.py", line 103, in run_keyword
    return self.keywords[name](*args, **(kwargs or {}))
  File "c:\users\krish\appdata\local\programs\python\python38\lib\site-packages\SeleniumLibrary\keywords\element.py", line 610, in click_element
    self.find_element(locator).click()
  File "c:\users\krish\appdata\local\programs\python\python38\lib\site-packages\SeleniumLibrary\base\context.py", line 74, in find_element
    return self.element_finder.find(locator, tag, True, required, parent)
  File "c:\users\krish\appdata\local\programs\python\python38\lib\site-packages\SeleniumLibrary\locators\elementfinder.py", line 76, in find
    raise ElementNotFound("%s with locator '%s' not found."</msg>
<status status="FAIL" starttime="20201003 19:32:38.691" endtime="20201003 19:32:39.040"></status>
</kw>
<status status="FAIL" starttime="20201003 19:32:38.691" endtime="20201003 19:32:39.041"></status>
</kw>
<status status="FAIL" starttime="20201003 19:32:38.691" endtime="20201003 19:32:39.041"></status>
</kw>
<status status="FAIL" starttime="20201003 19:32:24.125" endtime="20201003 19:32:39.041"></status>
</kw>
<status status="FAIL" starttime="20201003 19:32:24.125" endtime="20201003 19:32:39.041"></status>
</kw>
<status status="FAIL" starttime="20201003 19:32:24.124" endtime="20201003 19:32:39.041"></status>
</kw>
<kw name="exit browser" library="common" type="teardown">
<kw name="Close All Browsers" library="SeleniumLibrary">
<doc>Closes all open browsers and resets the browser cache.</doc>
<msg timestamp="20201003 19:32:39.042" level="DEBUG">Closing all browsers.</msg>
<msg timestamp="20201003 19:32:39.042" level="DEBUG">DELETE http://127.0.0.1:58722/session/1893b0e5171a74c973ebe796efc7aa50 {}</msg>
<msg timestamp="20201003 19:32:39.092" level="DEBUG">http://127.0.0.1:58722 "DELETE /session/1893b0e5171a74c973ebe796efc7aa50 HTTP/1.1" 200 14</msg>
<msg timestamp="20201003 19:32:39.092" level="DEBUG">Finished Request</msg>
<msg timestamp="20201003 19:32:41.234" level="DEBUG">DELETE http://127.0.0.1:58862/session/94b340d0c1b5eaa289f7f0f80e94f56f {}</msg>
<msg timestamp="20201003 19:32:41.305" level="DEBUG">http://127.0.0.1:58862 "DELETE /session/94b340d0c1b5eaa289f7f0f80e94f56f HTTP/1.1" 200 14</msg>
<msg timestamp="20201003 19:32:41.305" level="DEBUG">Finished Request</msg>
<msg timestamp="20201003 19:32:43.378" level="DEBUG">DELETE http://127.0.0.1:58888/session/022d8efab426785ac0a3d3699e4b6d48 {}</msg>
<msg timestamp="20201003 19:32:43.425" level="DEBUG">http://127.0.0.1:58888 "DELETE /session/022d8efab426785ac0a3d3699e4b6d48 HTTP/1.1" 200 14</msg>
<msg timestamp="20201003 19:32:43.426" level="DEBUG">Finished Request</msg>
<status status="PASS" starttime="20201003 19:32:39.041" endtime="20201003 19:32:45.507"></status>
</kw>
<status status="PASS" starttime="20201003 19:32:39.041" endtime="20201003 19:32:45.507"></status>
</kw>
<tags>
<tag>user account scenario</tag>
</tags>
<status status="FAIL" starttime="20201003 19:32:18.785" endtime="20201003 19:32:45.508" critical="yes">Element with locator 'xpath://h2[text()='Add address']' not found.</status>
</test>
<test id="s1-s4-t2" name="pay balance">
<kw name="start browser" library="common" type="setup">
<kw name="Open Browser" library="SeleniumLibrary">
<doc>Opens a new browser instance to the optional ``url``.</doc>
<arguments>
<arg>blank:browser</arg>
<arg>chrome</arg>
</arguments>
<msg timestamp="20201003 19:32:45.512" level="INFO">Opening browser 'chrome' to base url 'blank:browser'.</msg>
<msg timestamp="20201003 19:32:46.025" level="DEBUG">POST http://127.0.0.1:58962/session {"capabilities": {"firstMatch": [{}], "alwaysMatch": {"browserName": "chrome", "platformName": "any", "goog:chromeOptions": {"extensions": [], "args": []}}}, "desiredCapabilities": {"browserName": "chrome", "version": "", "platform": "ANY", "goog:chromeOptions": {"extensions": [], "args": []}}}</msg>
<msg timestamp="20201003 19:32:46.026" level="DEBUG">Starting new HTTP connection (1): 127.0.0.1:58962</msg>
<msg timestamp="20201003 19:32:48.647" level="DEBUG">http://127.0.0.1:58962 "POST /session HTTP/1.1" 200 719</msg>
<msg timestamp="20201003 19:32:48.647" level="DEBUG">Finished Request</msg>
<msg timestamp="20201003 19:32:48.647" level="DEBUG">POST http://127.0.0.1:58962/session/c39c55e1c6e3218592c7a62c1e95d2d0/timeouts {"script": 5000}</msg>
<msg timestamp="20201003 19:32:48.648" level="DEBUG">http://127.0.0.1:58962 "POST /session/c39c55e1c6e3218592c7a62c1e95d2d0/timeouts HTTP/1.1" 200 14</msg>
<msg timestamp="20201003 19:32:48.648" level="DEBUG">Finished Request</msg>
<msg timestamp="20201003 19:32:48.648" level="DEBUG">POST http://127.0.0.1:58962/session/c39c55e1c6e3218592c7a62c1e95d2d0/timeouts {"implicit": 0}</msg>
<msg timestamp="20201003 19:32:48.649" level="DEBUG">http://127.0.0.1:58962 "POST /session/c39c55e1c6e3218592c7a62c1e95d2d0/timeouts HTTP/1.1" 200 14</msg>
<msg timestamp="20201003 19:32:48.649" level="DEBUG">Finished Request</msg>
<msg timestamp="20201003 19:32:48.649" level="DEBUG">POST http://127.0.0.1:58962/session/c39c55e1c6e3218592c7a62c1e95d2d0/url {"url": "blank:browser"}</msg>
<msg timestamp="20201003 19:32:48.662" level="DEBUG">http://127.0.0.1:58962 "POST /session/c39c55e1c6e3218592c7a62c1e95d2d0/url HTTP/1.1" 200 14</msg>
<msg timestamp="20201003 19:32:48.662" level="DEBUG">Finished Request</msg>
<msg timestamp="20201003 19:32:48.662" level="DEBUG">Opened browser with session id c39c55e1c6e3218592c7a62c1e95d2d0.</msg>
<status status="PASS" starttime="20201003 19:32:45.511" endtime="20201003 19:32:48.662"></status>
</kw>
<kw name="Maximize Browser Window" library="SeleniumLibrary">
<doc>Maximizes current browser window.</doc>
<msg timestamp="20201003 19:32:48.663" level="DEBUG">POST http://127.0.0.1:58962/session/c39c55e1c6e3218592c7a62c1e95d2d0/window/maximize {}</msg>
<msg timestamp="20201003 19:32:50.809" level="DEBUG">http://127.0.0.1:58962 "POST /session/c39c55e1c6e3218592c7a62c1e95d2d0/window/maximize HTTP/1.1" 200 52</msg>
<msg timestamp="20201003 19:32:50.809" level="DEBUG">Finished Request</msg>
<status status="PASS" starttime="20201003 19:32:48.663" endtime="20201003 19:32:50.809"></status>
</kw>
<status status="PASS" starttime="20201003 19:32:45.511" endtime="20201003 19:32:50.809"></status>
</kw>
<kw name="amazon pay balance" library="amazon">
<kw name="navigate to user account" library="amazon_nav">
<kw name="Go To" library="SeleniumLibrary">
<doc>Navigates the current browser window to the provided ``url``.</doc>
<arguments>
<arg>https://www.amazon.in/gp/css/homepage.html?ref_=nav_AccountFlyout_ya</arg>
</arguments>
<msg timestamp="20201003 19:32:50.810" level="INFO">Opening url 'https://www.amazon.in/gp/css/homepage.html?ref_=nav_AccountFlyout_ya'</msg>
<msg timestamp="20201003 19:32:50.811" level="DEBUG">POST http://127.0.0.1:58962/session/c39c55e1c6e3218592c7a62c1e95d2d0/url {"url": "https://www.amazon.in/gp/css/homepage.html?ref_=nav_AccountFlyout_ya"}</msg>
<msg timestamp="20201003 19:32:53.510" level="DEBUG">http://127.0.0.1:58962 "POST /session/c39c55e1c6e3218592c7a62c1e95d2d0/url HTTP/1.1" 200 14</msg>
<msg timestamp="20201003 19:32:53.510" level="DEBUG">Finished Request</msg>
<status status="PASS" starttime="20201003 19:32:50.810" endtime="20201003 19:32:53.510"></status>
</kw>
<status status="PASS" starttime="20201003 19:32:50.810" endtime="20201003 19:32:53.510"></status>
</kw>
<kw name="click amazon pay balance" library="useraccount">
<kw name="Click Element" library="SeleniumLibrary">
<doc>Click the element identified by ``locator``.</doc>
<arguments>
<arg>xpath://img[@alt='Amazon Pay balance']</arg>
</arguments>
<msg timestamp="20201003 19:32:53.511" level="INFO">Clicking element 'xpath://img[@alt='Amazon Pay balance']'.</msg>
<msg timestamp="20201003 19:32:53.511" level="DEBUG">POST http://127.0.0.1:58962/session/c39c55e1c6e3218592c7a62c1e95d2d0/elements {"using": "xpath", "value": "//img[@alt='Amazon Pay balance']"}</msg>
<msg timestamp="20201003 19:32:53.523" level="DEBUG">http://127.0.0.1:58962 "POST /session/c39c55e1c6e3218592c7a62c1e95d2d0/elements HTTP/1.1" 200 90</msg>
<msg timestamp="20201003 19:32:53.523" level="DEBUG">Finished Request</msg>
<msg timestamp="20201003 19:32:53.524" level="DEBUG">POST http://127.0.0.1:58962/session/c39c55e1c6e3218592c7a62c1e95d2d0/element/f682f575-ec79-443e-8c41-55dac12fc8a8/click {"id": "f682f575-ec79-443e-8c41-55dac12fc8a8"}</msg>
<msg timestamp="20201003 19:32:54.979" level="DEBUG">http://127.0.0.1:58962 "POST /session/c39c55e1c6e3218592c7a62c1e95d2d0/element/f682f575-ec79-443e-8c41-55dac12fc8a8/click HTTP/1.1" 200 14</msg>
<msg timestamp="20201003 19:32:54.979" level="DEBUG">Finished Request</msg>
<status status="PASS" starttime="20201003 19:32:53.511" endtime="20201003 19:32:54.979"></status>
</kw>
<status status="PASS" starttime="20201003 19:32:53.511" endtime="20201003 19:32:54.979"></status>
</kw>
<status status="PASS" starttime="20201003 19:32:50.810" endtime="20201003 19:32:54.979"></status>
</kw>
<kw name="exit browser" library="common" type="teardown">
<kw name="Close All Browsers" library="SeleniumLibrary">
<doc>Closes all open browsers and resets the browser cache.</doc>
<msg timestamp="20201003 19:32:54.980" level="DEBUG">Closing all browsers.</msg>
<msg timestamp="20201003 19:32:54.980" level="DEBUG">DELETE http://127.0.0.1:58962/session/c39c55e1c6e3218592c7a62c1e95d2d0 {}</msg>
<msg timestamp="20201003 19:32:55.023" level="DEBUG">http://127.0.0.1:58962 "DELETE /session/c39c55e1c6e3218592c7a62c1e95d2d0 HTTP/1.1" 200 14</msg>
<msg timestamp="20201003 19:32:55.023" level="DEBUG">Finished Request</msg>
<status status="PASS" starttime="20201003 19:32:54.980" endtime="20201003 19:32:57.103"></status>
</kw>
<status status="PASS" starttime="20201003 19:32:54.980" endtime="20201003 19:32:57.103"></status>
</kw>
<status status="PASS" starttime="20201003 19:32:45.510" endtime="20201003 19:32:57.105" critical="yes"></status>
</test>
<status status="FAIL" starttime="20201003 19:32:18.750" endtime="20201003 19:32:57.107"></status>
</suite>
<status status="FAIL" starttime="20201003 19:28:41.197" endtime="20201003 19:32:57.109"></status>
</suite>
<statistics>
<total>
<stat pass="7" fail="2">Critical Tests</stat>
<stat pass="7" fail="2">All Tests</stat>
</total>
<tag>
<stat pass="1" fail="0">add to cart scenario</stat>
<stat pass="1" fail="0">Functinal Smoke</stat>
<stat pass="1" fail="0">Functional</stat>
<stat pass="1" fail="0">Negative</stat>
<stat pass="0" fail="1">non critical</stat>
<stat pass="1" fail="0">Positive</stat>
<stat pass="0" fail="1">user account scenario</stat>
</tag>
<suite>
<stat pass="7" fail="2" id="s1" name="Tests">Tests</stat>
<stat pass="2" fail="0" id="s1-s1" name="TC amazon 1 Login">Tests.TC amazon 1 Login</stat>
<stat pass="3" fail="0" id="s1-s2" name="TC amazon 2 product">Tests.TC amazon 2 product</stat>
<stat pass="1" fail="1" id="s1-s3" name="TC amazon cart checkout">Tests.TC amazon cart checkout</stat>
<stat pass="1" fail="1" id="s1-s4" name="TC amazon user updates">Tests.TC amazon user updates</stat>
</suite>
</statistics>
<errors>
<msg timestamp="20201003 19:30:05.793" level="WARN">Keyword 'SeleniumLibrary.Locator Should Match X Times' is deprecated. , use `Page Should Contain Element` with ``limit`` argument instead.</msg>
</errors>
</robot>
